#
# There is insufficient memory for the Java Runtime Environment to continue.
# Native memory allocation (malloc) failed to allocate 1431216 bytes for Chunk::new
# Possible reasons:
#   The system is out of physical RAM or swap space
#   The process is running with CompressedOops enabled, and the Java Heap may be blocking the growth of the native heap
# Possible solutions:
#   Reduce memory load on the system
#   Increase physical memory or swap space
#   Check if swap backing store is full
#   Decrease Java heap size (-Xmx/-Xms)
#   Decrease number of Java threads
#   Decrease Java thread stack sizes (-Xss)
#   Set larger code cache with -XX:ReservedCodeCacheSize=
#   JVM is running with Unscaled Compressed Oops mode in which the Java heap is
#     placed in the first 4GB address space. The Java Heap base address is the
#     maximum limit for the native heap growth. Please use -XX:HeapBaseMinAddress
#     to set the Java Heap base and to place the Java Heap above 4GB virtual address.
# This output file may be truncated or incomplete.
#
#  Out of Memory Error (./src/hotspot/share/memory/arena.cpp:197), pid=9820, tid=12360
#
# JRE version: OpenJDK Runtime Environment (11.0.13) (build 11.0.13+0-b1751.21-8125866)
# Java VM: OpenJDK 64-Bit Server VM (11.0.13+0-b1751.21-8125866, mixed mode, tiered, compressed oops, g1 gc, windows-amd64)
# No core dump will be written. Minidumps are not enabled by default on client versions of Windows
#

---------------  S U M M A R Y ------------

Command Line: --add-opens=java.base/java.util=ALL-UNNAMED --add-opens=java.base/java.lang=ALL-UNNAMED --add-opens=java.base/java.lang.invoke=ALL-UNNAMED --add-opens=java.base/java.util=ALL-UNNAMED --add-opens=java.prefs/java.util.prefs=ALL-UNNAMED --add-opens=java.prefs/java.util.prefs=ALL-UNNAMED --add-opens=java.base/java.nio.charset=ALL-UNNAMED --add-opens=java.base/java.net=ALL-UNNAMED --add-opens=java.base/java.util.concurrent.atomic=ALL-UNNAMED -Xmx2048m -Dfile.encoding=UTF-8 -Duser.country=ID -Duser.language=en -Duser.variant org.gradle.launcher.daemon.bootstrap.GradleDaemon 7.4

Host: Intel(R) Core(TM) i5-8300H CPU @ 2.30GHz, 8 cores, 7G,  Windows 10 , 64 bit Build 19041 (10.0.19041.1023)
Time: Wed Dec 28 22:46:47 2022 SE Asia Standard Time elapsed time: 2157.365195 seconds (0d 0h 35m 57s)

---------------  T H R E A D  ---------------

Current thread (0x0000025f5698c800):  JavaThread "C2 CompilerThread0" daemon [_thread_in_native, id=12360, stack(0x000000ab51200000,0x000000ab51300000)]


Current CompileTask:
C2:2157397 27711       4       org.gradle.api.internal.artifacts.ivyservice.resolveengine.artifact.ResolvedArtifactsGraphVisitor::getArtifacts (197 bytes)

Stack: [0x000000ab51200000,0x000000ab51300000]
Native frames: (J=compiled Java code, j=interpreted, Vv=VM code, C=native code)
V  [jvm.dll+0x6100fa]
V  [jvm.dll+0x747090]
V  [jvm.dll+0x7486ad]
V  [jvm.dll+0x748d83]
V  [jvm.dll+0x24ab48]
V  [jvm.dll+0xc04dc]
V  [jvm.dll+0xc0a0c]
V  [jvm.dll+0x35eb5b]
V  [jvm.dll+0x19d7bc]
V  [jvm.dll+0x2033be]
V  [jvm.dll+0x202437]
V  [jvm.dll+0x188e01]
V  [jvm.dll+0x21106b]
V  [jvm.dll+0x20f8c1]
V  [jvm.dll+0x70de0f]
V  [jvm.dll+0x706a75]
V  [jvm.dll+0x60ed66]
C  [ucrtbase.dll+0x21bb2]
C  [KERNEL32.DLL+0x17034]
C  [ntdll.dll+0x52651]


---------------  P R O C E S S  ---------------

Threads class SMR info:
_java_thread_list=0x0000025f61ef21e0, length=149, elements={
0x0000025f3bb77800, 0x0000025f5600e800, 0x0000025f56019800, 0x0000025f56986000,
0x0000025f56987800, 0x0000025f56989800, 0x0000025f5698c800, 0x0000025f5698f000,
0x0000025f56992000, 0x0000025f56add800, 0x0000025f59473800, 0x0000025f58ecf800,
0x0000025f5891c800, 0x0000025f580bd800, 0x0000025f580bf800, 0x0000025f580c1800,
0x0000025f580be000, 0x0000025f580bf000, 0x0000025f59b4e000, 0x0000025f59b4b800,
0x0000025f59b4f800, 0x0000025f59b4c000, 0x0000025f59b4a800, 0x0000025f59ac9000,
0x0000025f59acc800, 0x0000025f59acd000, 0x0000025f59ace000, 0x0000025f59ac8000,
0x0000025f59aca000, 0x0000025f589d4800, 0x0000025f5caa6000, 0x0000025f59b69800,
0x0000025f580c4000, 0x0000025f59aca800, 0x0000025f637e4000, 0x0000025f5caae800,
0x0000025f5a733800, 0x0000025f5a737000, 0x0000025f59b53800, 0x0000025f5a733000,
0x0000025f5cab2000, 0x0000025f5a73a000, 0x0000025f5caad000, 0x0000025f5caa8000,
0x0000025f637e9000, 0x0000025f637e7800, 0x0000025f637ea000, 0x0000025f637e5000,
0x0000025f637e6000, 0x0000025f637e8800, 0x0000025f637eb000, 0x0000025f637eb800,
0x0000025f637ec800, 0x0000025f637e6800, 0x0000025f637ef000, 0x0000025f637f2000,
0x0000025f637f1800, 0x0000025f637f0800, 0x0000025f637f3000, 0x0000025f637ef800,
0x0000025f637ed000, 0x0000025f637ee000, 0x0000025f59b63000, 0x0000025f59b65800,
0x0000025f59b62000, 0x0000025f59b64000, 0x0000025f59b64800, 0x0000025f59b66000,
0x0000025f59b60800, 0x0000025f59b67000, 0x0000025f59b61800, 0x0000025f59b6a800,
0x0000025f59b68000, 0x0000025f59b6e800, 0x0000025f59b6d800, 0x0000025f59b68800,
0x0000025f59b6f000, 0x0000025f59b6b000, 0x0000025f59b6c000, 0x0000025f59b6d000,
0x0000025f589d8000, 0x0000025f589d5800, 0x0000025f589d6800, 0x0000025f589d2000,
0x0000025f589d4000, 0x0000025f589d8800, 0x0000025f589d7000, 0x0000025f589d3000,
0x0000025f589db000, 0x0000025f589dc000, 0x0000025f589dd000, 0x0000025f589dd800,
0x0000025f589de800, 0x0000025f589df800, 0x0000025f589d9800, 0x0000025f589e1000,
0x0000025f589e0000, 0x0000025f5a72e000, 0x0000025f5a72f000, 0x0000025f5a72f800,
0x0000025f5a730800, 0x0000025f5a731000, 0x0000025f5a72c800, 0x0000025f5a732000,
0x0000025f5a72d000, 0x0000025f5a736000, 0x0000025f5a735800, 0x0000025f5a73b000,
0x0000025f5a738000, 0x0000025f5a738800, 0x0000025f5a739800, 0x0000025f5caa5000,
0x0000025f5caa7800, 0x0000025f5caaa000, 0x0000025f5caa6800, 0x0000025f5caa4000,
0x0000025f5caab800, 0x0000025f5caaf800, 0x0000025f5caac800, 0x0000025f5caaa800,
0x0000025f5cab1000, 0x0000025f5cab0800, 0x0000025f5caae000, 0x0000025f59b50000,
0x0000025f59b51000, 0x0000025f59b52000, 0x0000025f59b52800, 0x0000025f59b4d000,
0x0000025f59b57800, 0x0000025f59b55000, 0x0000025f59b58800, 0x0000025f59b59000,
0x0000025f59b56000, 0x0000025f59b54800, 0x0000025f59ac0000, 0x0000025f59ac1800,
0x0000025f59ac2800, 0x0000025f59ac1000, 0x0000025f59ac7800, 0x0000025f59ac3800,
0x0000025f59ac4000, 0x0000025f59ac5000, 0x0000025f59acb800, 0x0000025f59ac6800,
0x0000025f59ace800, 0x0000025f580c2000, 0x0000025f580c0800, 0x0000025f580c3000,
0x0000025f5de57800
}

Java Threads: ( => current thread )
  0x0000025f3bb77800 JavaThread "main" [_thread_blocked, id=7620, stack(0x000000ab50600000,0x000000ab50700000)]
  0x0000025f5600e800 JavaThread "Reference Handler" daemon [_thread_blocked, id=13612, stack(0x000000ab50d00000,0x000000ab50e00000)]
  0x0000025f56019800 JavaThread "Finalizer" daemon [_thread_blocked, id=7164, stack(0x000000ab50e00000,0x000000ab50f00000)]
  0x0000025f56986000 JavaThread "Signal Dispatcher" daemon [_thread_blocked, id=11248, stack(0x000000ab50f00000,0x000000ab51000000)]
  0x0000025f56987800 JavaThread "Attach Listener" daemon [_thread_blocked, id=4784, stack(0x000000ab51000000,0x000000ab51100000)]
  0x0000025f56989800 JavaThread "Service Thread" daemon [_thread_blocked, id=6480, stack(0x000000ab51100000,0x000000ab51200000)]
=>0x0000025f5698c800 JavaThread "C2 CompilerThread0" daemon [_thread_in_native, id=12360, stack(0x000000ab51200000,0x000000ab51300000)]
  0x0000025f5698f000 JavaThread "C1 CompilerThread0" daemon [_thread_blocked, id=10488, stack(0x000000ab51300000,0x000000ab51400000)]
  0x0000025f56992000 JavaThread "Sweeper thread" daemon [_thread_blocked, id=12708, stack(0x000000ab51400000,0x000000ab51500000)]
  0x0000025f56add800 JavaThread "Common-Cleaner" daemon [_thread_blocked, id=8900, stack(0x000000ab51500000,0x000000ab51600000)]
  0x0000025f59473800 JavaThread "Daemon health stats" [_thread_blocked, id=13348, stack(0x000000ab51a00000,0x000000ab51b00000)]
  0x0000025f58ecf800 JavaThread "Incoming local TCP Connector on port 51650" [_thread_in_native, id=3596, stack(0x000000ab51b00000,0x000000ab51c00000)]
  0x0000025f5891c800 JavaThread "Daemon periodic checks" [_thread_blocked, id=10324, stack(0x000000ab51c00000,0x000000ab51d00000)]
  0x0000025f580bd800 JavaThread "Cache worker for journal cache (C:\Users\Tira Sundara\.gradle\caches\journal-1)" [_thread_blocked, id=8348, stack(0x000000ab52900000,0x000000ab52a00000)]
  0x0000025f580bf800 JavaThread "File lock request listener" [_thread_in_native, id=13048, stack(0x000000ab52a00000,0x000000ab52b00000)]
  0x0000025f580c1800 JavaThread "Cache worker for file hash cache (C:\Users\Tira Sundara\.gradle\caches\7.4\fileHashes)" [_thread_blocked, id=14832, stack(0x000000ab52b00000,0x000000ab52c00000)]
  0x0000025f580be000 JavaThread "File watcher server" daemon [_thread_in_native, id=2756, stack(0x000000ab52d00000,0x000000ab52e00000)]
  0x0000025f580bf000 JavaThread "File watcher consumer" daemon [_thread_blocked, id=10104, stack(0x000000ab52e00000,0x000000ab52f00000)]
  0x0000025f59b4e000 JavaThread "Cache worker for execution history cache (C:\Users\Tira Sundara\.gradle\caches\7.4\executionHistory)" [_thread_blocked, id=1948, stack(0x000000ab53300000,0x000000ab53400000)]
  0x0000025f59b4b800 JavaThread "jar transforms" [_thread_blocked, id=2860, stack(0x000000ab53400000,0x000000ab53500000)]
  0x0000025f59b4f800 JavaThread "Cache worker for file content cache (C:\Users\Tira Sundara\.gradle\caches\7.4\fileContent)" [_thread_blocked, id=7576, stack(0x000000ab53500000,0x000000ab53600000)]
  0x0000025f59b4c000 JavaThread "jar transforms Thread 2" [_thread_blocked, id=7300, stack(0x000000ab53600000,0x000000ab53700000)]
  0x0000025f59b4a800 JavaThread "jar transforms Thread 3" [_thread_blocked, id=11716, stack(0x000000ab53800000,0x000000ab53900000)]
  0x0000025f59ac9000 JavaThread "jar transforms Thread 4" [_thread_blocked, id=5608, stack(0x000000ab58900000,0x000000ab58a00000)]
  0x0000025f59acc800 JavaThread "jar transforms Thread 5" [_thread_blocked, id=1448, stack(0x000000ab58a00000,0x000000ab58b00000)]
  0x0000025f59acd000 JavaThread "jar transforms Thread 6" [_thread_blocked, id=5112, stack(0x000000ab58b00000,0x000000ab58c00000)]
  0x0000025f59ace000 JavaThread "jar transforms Thread 7" [_thread_blocked, id=5448, stack(0x000000ab58c00000,0x000000ab58d00000)]
  0x0000025f59ac8000 JavaThread "jar transforms Thread 8" [_thread_blocked, id=3360, stack(0x000000ab58d00000,0x000000ab58e00000)]
  0x0000025f59aca000 JavaThread "Memory manager" [_thread_blocked, id=11752, stack(0x000000ab58f00000,0x000000ab59000000)]
  0x0000025f589d4800 JavaThread "pool-3-thread-1" [_thread_blocked, id=2224, stack(0x000000ab58e00000,0x000000ab58f00000)]
  0x0000025f5caa6000 JavaThread "Cache worker for Java compile cache (C:\Users\Tira Sundara\.gradle\caches\7.4\javaCompile)" [_thread_blocked, id=4912, stack(0x000000ab5a500000,0x000000ab5a600000)]
  0x0000025f59b69800 JavaThread "pool-8-thread-1" [_thread_blocked, id=8792, stack(0x000000ab59200000,0x000000ab59300000)]
  0x0000025f580c4000 JavaThread "pool-13-thread-1" [_thread_blocked, id=15020, stack(0x000000ab59300000,0x000000ab59400000)]
  0x0000025f59aca800 JavaThread "pool-18-thread-1" [_thread_blocked, id=14216, stack(0x000000ab59400000,0x000000ab59500000)]
  0x0000025f637e4000 JavaThread "ForkJoinPool.commonPool-worker-15" daemon [_thread_blocked, id=9048, stack(0x000000ab5a700000,0x000000ab5a800000)]
  0x0000025f5caae800 JavaThread "pool-23-thread-1" [_thread_blocked, id=14760, stack(0x000000ab59500000,0x000000ab59600000)]
  0x0000025f5a733800 JavaThread "pool-28-thread-1" [_thread_blocked, id=11592, stack(0x000000ab59600000,0x000000ab59700000)]
  0x0000025f5a737000 JavaThread "pool-32-thread-1" [_thread_blocked, id=14588, stack(0x000000ab59700000,0x000000ab59800000)]
  0x0000025f59b53800 JavaThread "pool-37-thread-1" [_thread_blocked, id=15228, stack(0x000000ab59800000,0x000000ab59900000)]
  0x0000025f5a733000 JavaThread "pool-42-thread-1" [_thread_blocked, id=9936, stack(0x000000ab59900000,0x000000ab59a00000)]
  0x0000025f5cab2000 JavaThread "pool-47-thread-1" [_thread_blocked, id=12836, stack(0x000000ab59a00000,0x000000ab59b00000)]
  0x0000025f5a73a000 JavaThread "pool-52-thread-1" [_thread_blocked, id=6488, stack(0x000000ab59000000,0x000000ab59100000)]
  0x0000025f5caad000 JavaThread "pool-57-thread-1" [_thread_blocked, id=13920, stack(0x000000ab59100000,0x000000ab59200000)]
  0x0000025f5caa8000 JavaThread "pool-62-thread-1" [_thread_blocked, id=9176, stack(0x000000ab59b00000,0x000000ab59c00000)]
  0x0000025f637e9000 JavaThread "Daemon Thread 11" [_thread_blocked, id=12788, stack(0x000000ab50300000,0x000000ab50400000)]
  0x0000025f637e7800 JavaThread "Handler for socket connection from /127.0.0.1:51650 to /127.0.0.1:52339" [_thread_in_native, id=12744, stack(0x000000ab50400000,0x000000ab50500000)]
  0x0000025f637ea000 JavaThread "Cancel handler" [_thread_blocked, id=13208, stack(0x000000ab50500000,0x000000ab50600000)]
  0x0000025f637e5000 JavaThread "Daemon worker Thread 11" [_thread_blocked, id=15340, stack(0x000000ab51700000,0x000000ab51800000)]
  0x0000025f637e6000 JavaThread "Asynchronous log dispatcher for DefaultDaemonConnection: socket connection from /127.0.0.1:51650 to /127.0.0.1:52339" [_thread_blocked, id=15212, stack(0x000000ab51d00000,0x000000ab51e00000)]
  0x0000025f637e8800 JavaThread "Stdin handler" [_thread_blocked, id=12792, stack(0x000000ab51e00000,0x000000ab51f00000)]
  0x0000025f637eb000 JavaThread "Daemon client event forwarder" [_thread_blocked, id=9532, stack(0x000000ab51f00000,0x000000ab52000000)]
  0x0000025f637eb800 JavaThread "Cache worker for checksums cache (D:\Dokumen Randy Azhar AF\projectptisem5\ProjectKursusPti\.gradle\7.4\checksums)" [_thread_blocked, id=9116, stack(0x000000ab52000000,0x000000ab52100000)]
  0x0000025f637ec800 JavaThread "Cache worker for cache directory md-rule (C:\Users\Tira Sundara\.gradle\caches\7.4\md-rule)" [_thread_blocked, id=15084, stack(0x000000ab52100000,0x000000ab52200000)]
  0x0000025f637e6800 JavaThread "Cache worker for file hash cache (D:\Dokumen Randy Azhar AF\projectptisem5\ProjectKursusPti\.gradle\7.4\fileHashes)" [_thread_blocked, id=8016, stack(0x000000ab52200000,0x000000ab52300000)]
  0x0000025f637ef000 JavaThread "Cache worker for cache directory md-supplier (C:\Users\Tira Sundara\.gradle\caches\7.4\md-supplier)" [_thread_blocked, id=7344, stack(0x000000ab52300000,0x000000ab52400000)]
  0x0000025f637f2000 JavaThread "Cache worker for dependencies-accessors (D:\Dokumen Randy Azhar AF\projectptisem5\ProjectKursusPti\.gradle\7.4\dependencies-accessors)" [_thread_blocked, id=3656, stack(0x000000ab52f00000,0x000000ab53000000)]
  0x0000025f637f1800 JavaThread "Cache worker for Build Output Cleanup Cache (D:\Dokumen Randy Azhar AF\projectptisem5\ProjectKursusPti\.gradle\buildOutputCleanup)" [_thread_blocked, id=14244, stack(0x000000ab53000000,0x000000ab53100000)]
  0x0000025f637f0800 JavaThread "Unconstrained build operations" [_thread_blocked, id=6780, stack(0x000000ab53100000,0x000000ab53200000)]
  0x0000025f637f3000 JavaThread "Unconstrained build operations Thread 2" [_thread_blocked, id=12500, stack(0x000000ab53200000,0x000000ab53300000)]
  0x0000025f637ef800 JavaThread "Unconstrained build operations Thread 3" [_thread_blocked, id=13804, stack(0x000000ab53700000,0x000000ab53800000)]
  0x0000025f637ed000 JavaThread "Unconstrained build operations Thread 4" [_thread_blocked, id=8648, stack(0x000000ab53900000,0x000000ab53a00000)]
  0x0000025f637ee000 JavaThread "Unconstrained build operations Thread 5" [_thread_blocked, id=12300, stack(0x000000ab53a00000,0x000000ab53b00000)]
  0x0000025f59b63000 JavaThread "Unconstrained build operations Thread 6" [_thread_blocked, id=6872, stack(0x000000ab53b00000,0x000000ab53c00000)]
  0x0000025f59b65800 JavaThread "Unconstrained build operations Thread 7" [_thread_blocked, id=13420, stack(0x000000ab53c00000,0x000000ab53d00000)]
  0x0000025f59b62000 JavaThread "Unconstrained build operations Thread 8" [_thread_blocked, id=9272, stack(0x000000ab53d00000,0x000000ab53e00000)]
  0x0000025f59b64000 JavaThread "Unconstrained build operations Thread 9" [_thread_blocked, id=14428, stack(0x000000ab53e00000,0x000000ab53f00000)]
  0x0000025f59b64800 JavaThread "Unconstrained build operations Thread 10" [_thread_blocked, id=12572, stack(0x000000ab53f00000,0x000000ab54000000)]
  0x0000025f59b66000 JavaThread "Unconstrained build operations Thread 11" [_thread_blocked, id=6732, stack(0x000000ab54000000,0x000000ab54100000)]
  0x0000025f59b60800 JavaThread "Unconstrained build operations Thread 12" [_thread_blocked, id=15348, stack(0x000000ab54100000,0x000000ab54200000)]
  0x0000025f59b67000 JavaThread "Unconstrained build operations Thread 13" [_thread_blocked, id=5544, stack(0x000000ab54200000,0x000000ab54300000)]
  0x0000025f59b61800 JavaThread "Unconstrained build operations Thread 14" [_thread_blocked, id=12356, stack(0x000000ab54300000,0x000000ab54400000)]
  0x0000025f59b6a800 JavaThread "Unconstrained build operations Thread 15" [_thread_blocked, id=7756, stack(0x000000ab54400000,0x000000ab54500000)]
  0x0000025f59b68000 JavaThread "Unconstrained build operations Thread 16" [_thread_blocked, id=9380, stack(0x000000ab54500000,0x000000ab54600000)]
  0x0000025f59b6e800 JavaThread "Unconstrained build operations Thread 17" [_thread_blocked, id=14180, stack(0x000000ab54600000,0x000000ab54700000)]
  0x0000025f59b6d800 JavaThread "Unconstrained build operations Thread 18" [_thread_blocked, id=7064, stack(0x000000ab54700000,0x000000ab54800000)]
  0x0000025f59b68800 JavaThread "Unconstrained build operations Thread 19" [_thread_blocked, id=3552, stack(0x000000ab54800000,0x000000ab54900000)]
  0x0000025f59b6f000 JavaThread "Unconstrained build operations Thread 20" [_thread_blocked, id=13340, stack(0x000000ab54900000,0x000000ab54a00000)]
  0x0000025f59b6b000 JavaThread "Unconstrained build operations Thread 21" [_thread_blocked, id=3888, stack(0x000000ab54a00000,0x000000ab54b00000)]
  0x0000025f59b6c000 JavaThread "Unconstrained build operations Thread 22" [_thread_blocked, id=15284, stack(0x000000ab54b00000,0x000000ab54c00000)]
  0x0000025f59b6d000 JavaThread "Unconstrained build operations Thread 23" [_thread_blocked, id=11704, stack(0x000000ab54c00000,0x000000ab54d00000)]
  0x0000025f589d8000 JavaThread "Unconstrained build operations Thread 24" [_thread_blocked, id=11648, stack(0x000000ab54d00000,0x000000ab54e00000)]
  0x0000025f589d5800 JavaThread "Unconstrained build operations Thread 25" [_thread_blocked, id=4216, stack(0x000000ab54e00000,0x000000ab54f00000)]
  0x0000025f589d6800 JavaThread "Unconstrained build operations Thread 26" [_thread_blocked, id=440, stack(0x000000ab54f00000,0x000000ab55000000)]
  0x0000025f589d2000 JavaThread "Unconstrained build operations Thread 27" [_thread_blocked, id=12656, stack(0x000000ab55000000,0x000000ab55100000)]
  0x0000025f589d4000 JavaThread "Unconstrained build operations Thread 28" [_thread_blocked, id=14960, stack(0x000000ab55100000,0x000000ab55200000)]
  0x0000025f589d8800 JavaThread "Unconstrained build operations Thread 29" [_thread_blocked, id=14024, stack(0x000000ab55200000,0x000000ab55300000)]
  0x0000025f589d7000 JavaThread "Unconstrained build operations Thread 30" [_thread_blocked, id=13812, stack(0x000000ab55300000,0x000000ab55400000)]
  0x0000025f589d3000 JavaThread "Unconstrained build operations Thread 31" [_thread_blocked, id=11432, stack(0x000000ab55400000,0x000000ab55500000)]
  0x0000025f589db000 JavaThread "Unconstrained build operations Thread 32" [_thread_blocked, id=12560, stack(0x000000ab55500000,0x000000ab55600000)]
  0x0000025f589dc000 JavaThread "Unconstrained build operations Thread 33" [_thread_blocked, id=3832, stack(0x000000ab55600000,0x000000ab55700000)]
  0x0000025f589dd000 JavaThread "Unconstrained build operations Thread 34" [_thread_blocked, id=13532, stack(0x000000ab55700000,0x000000ab55800000)]
  0x0000025f589dd800 JavaThread "Unconstrained build operations Thread 35" [_thread_blocked, id=8728, stack(0x000000ab55800000,0x000000ab55900000)]
  0x0000025f589de800 JavaThread "Unconstrained build operations Thread 36" [_thread_blocked, id=12296, stack(0x000000ab55900000,0x000000ab55a00000)]
  0x0000025f589df800 JavaThread "Unconstrained build operations Thread 37" [_thread_blocked, id=3916, stack(0x000000ab55a00000,0x000000ab55b00000)]
  0x0000025f589d9800 JavaThread "Unconstrained build operations Thread 38" [_thread_blocked, id=11976, stack(0x000000ab55b00000,0x000000ab55c00000)]
  0x0000025f589e1000 JavaThread "Unconstrained build operations Thread 39" [_thread_blocked, id=6816, stack(0x000000ab55c00000,0x000000ab55d00000)]
  0x0000025f589e0000 JavaThread "Unconstrained build operations Thread 40" [_thread_blocked, id=5792, stack(0x000000ab55d00000,0x000000ab55e00000)]
  0x0000025f5a72e000 JavaThread "Unconstrained build operations Thread 41" [_thread_blocked, id=12740, stack(0x000000ab55e00000,0x000000ab55f00000)]
  0x0000025f5a72f000 JavaThread "Unconstrained build operations Thread 42" [_thread_blocked, id=4224, stack(0x000000ab55f00000,0x000000ab56000000)]
  0x0000025f5a72f800 JavaThread "Unconstrained build operations Thread 43" [_thread_blocked, id=14524, stack(0x000000ab56000000,0x000000ab56100000)]
  0x0000025f5a730800 JavaThread "Unconstrained build operations Thread 44" [_thread_blocked, id=3256, stack(0x000000ab56100000,0x000000ab56200000)]
  0x0000025f5a731000 JavaThread "Unconstrained build operations Thread 45" [_thread_blocked, id=604, stack(0x000000ab56200000,0x000000ab56300000)]
  0x0000025f5a72c800 JavaThread "Unconstrained build operations Thread 46" [_thread_blocked, id=248, stack(0x000000ab56300000,0x000000ab56400000)]
  0x0000025f5a732000 JavaThread "Unconstrained build operations Thread 47" [_thread_blocked, id=10844, stack(0x000000ab56400000,0x000000ab56500000)]
  0x0000025f5a72d000 JavaThread "Unconstrained build operations Thread 48" [_thread_blocked, id=6092, stack(0x000000ab56500000,0x000000ab56600000)]
  0x0000025f5a736000 JavaThread "Unconstrained build operations Thread 49" [_thread_blocked, id=11624, stack(0x000000ab56600000,0x000000ab56700000)]
  0x0000025f5a735800 JavaThread "Unconstrained build operations Thread 50" [_thread_blocked, id=13112, stack(0x000000ab56700000,0x000000ab56800000)]
  0x0000025f5a73b000 JavaThread "Unconstrained build operations Thread 51" [_thread_blocked, id=1264, stack(0x000000ab56800000,0x000000ab56900000)]
  0x0000025f5a738000 JavaThread "Unconstrained build operations Thread 52" [_thread_blocked, id=896, stack(0x000000ab56900000,0x000000ab56a00000)]
  0x0000025f5a738800 JavaThread "Unconstrained build operations Thread 53" [_thread_blocked, id=13664, stack(0x000000ab56a00000,0x000000ab56b00000)]
  0x0000025f5a739800 JavaThread "Unconstrained build operations Thread 54" [_thread_blocked, id=10076, stack(0x000000ab56b00000,0x000000ab56c00000)]
  0x0000025f5caa5000 JavaThread "Unconstrained build operations Thread 55" [_thread_blocked, id=10668, stack(0x000000ab56c00000,0x000000ab56d00000)]
  0x0000025f5caa7800 JavaThread "Unconstrained build operations Thread 56" [_thread_blocked, id=13604, stack(0x000000ab56d00000,0x000000ab56e00000)]
  0x0000025f5caaa000 JavaThread "Unconstrained build operations Thread 57" [_thread_blocked, id=13268, stack(0x000000ab56e00000,0x000000ab56f00000)]
  0x0000025f5caa6800 JavaThread "Unconstrained build operations Thread 58" [_thread_blocked, id=8028, stack(0x000000ab56f00000,0x000000ab57000000)]
  0x0000025f5caa4000 JavaThread "Unconstrained build operations Thread 59" [_thread_blocked, id=8232, stack(0x000000ab57000000,0x000000ab57100000)]
  0x0000025f5caab800 JavaThread "Unconstrained build operations Thread 60" [_thread_blocked, id=10156, stack(0x000000ab57100000,0x000000ab57200000)]
  0x0000025f5caaf800 JavaThread "Unconstrained build operations Thread 61" [_thread_blocked, id=4904, stack(0x000000ab57200000,0x000000ab57300000)]
  0x0000025f5caac800 JavaThread "Unconstrained build operations Thread 62" [_thread_blocked, id=4892, stack(0x000000ab57300000,0x000000ab57400000)]
  0x0000025f5caaa800 JavaThread "Unconstrained build operations Thread 63" [_thread_blocked, id=9796, stack(0x000000ab57400000,0x000000ab57500000)]
  0x0000025f5cab1000 JavaThread "Unconstrained build operations Thread 64" [_thread_blocked, id=8516, stack(0x000000ab57500000,0x000000ab57600000)]
  0x0000025f5cab0800 JavaThread "Unconstrained build operations Thread 65" [_thread_blocked, id=11196, stack(0x000000ab57600000,0x000000ab57700000)]
  0x0000025f5caae000 JavaThread "Unconstrained build operations Thread 66" [_thread_blocked, id=32, stack(0x000000ab57700000,0x000000ab57800000)]
  0x0000025f59b50000 JavaThread "Unconstrained build operations Thread 67" [_thread_blocked, id=14220, stack(0x000000ab57800000,0x000000ab57900000)]
  0x0000025f59b51000 JavaThread "Unconstrained build operations Thread 68" [_thread_blocked, id=6024, stack(0x000000ab57900000,0x000000ab57a00000)]
  0x0000025f59b52000 JavaThread "Unconstrained build operations Thread 69" [_thread_blocked, id=11360, stack(0x000000ab57a00000,0x000000ab57b00000)]
  0x0000025f59b52800 JavaThread "Unconstrained build operations Thread 70" [_thread_blocked, id=13292, stack(0x000000ab57b00000,0x000000ab57c00000)]
  0x0000025f59b4d000 JavaThread "Unconstrained build operations Thread 71" [_thread_blocked, id=14836, stack(0x000000ab57c00000,0x000000ab57d00000)]
  0x0000025f59b57800 JavaThread "Unconstrained build operations Thread 72" [_thread_blocked, id=10832, stack(0x000000ab57d00000,0x000000ab57e00000)]
  0x0000025f59b55000 JavaThread "Unconstrained build operations Thread 73" [_thread_blocked, id=7152, stack(0x000000ab57e00000,0x000000ab57f00000)]
  0x0000025f59b58800 JavaThread "Unconstrained build operations Thread 74" [_thread_blocked, id=7248, stack(0x000000ab57f00000,0x000000ab58000000)]
  0x0000025f59b59000 JavaThread "Unconstrained build operations Thread 75" [_thread_blocked, id=11324, stack(0x000000ab58000000,0x000000ab58100000)]
  0x0000025f59b56000 JavaThread "Unconstrained build operations Thread 76" [_thread_blocked, id=1888, stack(0x000000ab58100000,0x000000ab58200000)]
  0x0000025f59b54800 JavaThread "Unconstrained build operations Thread 77" [_thread_blocked, id=3564, stack(0x000000ab58200000,0x000000ab58300000)]
  0x0000025f59ac0000 JavaThread "Unconstrained build operations Thread 78" [_thread_blocked, id=10316, stack(0x000000ab58300000,0x000000ab58400000)]
  0x0000025f59ac1800 JavaThread "Unconstrained build operations Thread 79" [_thread_blocked, id=12368, stack(0x000000ab58400000,0x000000ab58500000)]
  0x0000025f59ac2800 JavaThread "Unconstrained build operations Thread 80" [_thread_blocked, id=8800, stack(0x000000ab58500000,0x000000ab58600000)]
  0x0000025f59ac1000 JavaThread "build event listener" [_thread_blocked, id=6492, stack(0x000000ab58600000,0x000000ab58700000)]
  0x0000025f59ac7800 JavaThread "pool-67-thread-1" [_thread_blocked, id=6332, stack(0x000000ab58700000,0x000000ab58800000)]
  0x0000025f59ac3800 JavaThread "build event listener" [_thread_blocked, id=1800, stack(0x000000ab58800000,0x000000ab58900000)]
  0x0000025f59ac4000 JavaThread "included builds" [_thread_blocked, id=10124, stack(0x000000ab59c00000,0x000000ab59d00000)]
  0x0000025f59ac5000 JavaThread "Execution worker for ':'" [_thread_in_native, id=8996, stack(0x000000ab59d00000,0x000000ab59e00000)]
  0x0000025f59acb800 JavaThread "Execution worker for ':' Thread 2" [_thread_blocked, id=14020, stack(0x000000ab59e00000,0x000000ab59f00000)]
  0x0000025f59ac6800 JavaThread "Execution worker for ':' Thread 3" [_thread_blocked, id=12880, stack(0x000000ab59f00000,0x000000ab5a000000)]
  0x0000025f59ace800 JavaThread "Execution worker for ':' Thread 4" [_thread_blocked, id=7200, stack(0x000000ab5a000000,0x000000ab5a100000)]
  0x0000025f580c2000 JavaThread "Execution worker for ':' Thread 5" [_thread_blocked, id=11860, stack(0x000000ab5a100000,0x000000ab5a200000)]
  0x0000025f580c0800 JavaThread "Execution worker for ':' Thread 6" [_thread_blocked, id=10956, stack(0x000000ab5a200000,0x000000ab5a300000)]
  0x0000025f580c3000 JavaThread "Execution worker for ':' Thread 7" [_thread_blocked, id=4052, stack(0x000000ab5a300000,0x000000ab5a400000)]
  0x0000025f5de57800 JavaThread "Cache worker for execution history cache (D:\Dokumen Randy Azhar AF\projectptisem5\ProjectKursusPti\.gradle\7.4\executionHistory)" [_thread_blocked, id=7136, stack(0x000000ab5a400000,0x000000ab5a500000)]

Other Threads:
  0x0000025f5600a000 VMThread "VM Thread" [stack: 0x000000ab50c00000,0x000000ab50d00000] [id=14952]
  0x0000025f56b13000 WatcherThread [stack: 0x000000ab51600000,0x000000ab51700000] [id=13152]
  0x0000025f3bb8e000 GCTaskThread "GC Thread#0" [stack: 0x000000ab50700000,0x000000ab50800000] [id=2344]
  0x0000025f577d3800 GCTaskThread "GC Thread#1" [stack: 0x000000ab51800000,0x000000ab51900000] [id=12408]
  0x0000025f57602800 GCTaskThread "GC Thread#2" [stack: 0x000000ab51900000,0x000000ab51a00000] [id=4356]
  0x0000025f570a2800 GCTaskThread "GC Thread#3" [stack: 0x000000ab52400000,0x000000ab52500000] [id=9832]
  0x0000025f57a8e800 GCTaskThread "GC Thread#4" [stack: 0x000000ab52500000,0x000000ab52600000] [id=4836]
  0x0000025f57062800 GCTaskThread "GC Thread#5" [stack: 0x000000ab52600000,0x000000ab52700000] [id=10244]
  0x0000025f57063000 GCTaskThread "GC Thread#6" [stack: 0x000000ab52700000,0x000000ab52800000] [id=13184]
  0x0000025f57298800 GCTaskThread "GC Thread#7" [stack: 0x000000ab52800000,0x000000ab52900000] [id=8372]
  0x0000025f3bbc1800 ConcurrentGCThread "G1 Main Marker" [stack: 0x000000ab50800000,0x000000ab50900000] [id=8872]
  0x0000025f3bbc3000 ConcurrentGCThread "G1 Conc#0" [stack: 0x000000ab50900000,0x000000ab50a00000] [id=12340]
  0x0000025f58cea800 ConcurrentGCThread "G1 Conc#1" [stack: 0x000000ab52c00000,0x000000ab52d00000] [id=12636]
  0x0000025f3bc4e800 ConcurrentGCThread "G1 Refine#0" [stack: 0x000000ab50a00000,0x000000ab50b00000] [id=2628]
  0x0000025f55e58800 ConcurrentGCThread "G1 Young RemSet Sampling" [stack: 0x000000ab50b00000,0x000000ab50c00000] [id=14684]

Threads with active compile tasks:
C2 CompilerThread02159621 27711       4       org.gradle.api.internal.artifacts.ivyservice.resolveengine.artifact.ResolvedArtifactsGraphVisitor::getArtifacts (197 bytes)

VM state:not at safepoint (normal execution)

VM Mutex/Monitor currently owned by a thread: None

Heap address: 0x0000000080000000, size: 2048 MB, Compressed Oops mode: 32-bit
Narrow klass base: 0x0000000000000000, Narrow klass shift: 3
Compressed class space size: 1073741824 Address: 0x0000000100000000

Heap:
 garbage-first heap   total 262144K, used 180440K [0x0000000080000000, 0x0000000100000000)
  region size 1024K, 57 young (58368K), 2 survivors (2048K)
 Metaspace       used 135276K, capacity 139326K, committed 139560K, reserved 1171456K
  class space    used 16384K, capacity 17890K, committed 18124K, reserved 1048576K
Heap Regions: E=young(eden), S=young(survivor), O=old, HS=humongous(starts), HC=humongous(continues), CS=collection set, F=free, A=archive, TAMS=top-at-mark-start (previous, next)
|   0|0x0000000080000000, 0x0000000080100000, 0x0000000080100000|100%| O|  |TAMS 0x0000000080100000, 0x0000000080000000| Untracked 
|   1|0x0000000080100000, 0x0000000080200000, 0x0000000080200000|100%| O|  |TAMS 0x0000000080200000, 0x0000000080100000| Untracked 
|   2|0x0000000080200000, 0x0000000080300000, 0x0000000080300000|100%| O|  |TAMS 0x0000000080300000, 0x0000000080200000| Untracked 
|   3|0x0000000080300000, 0x0000000080400000, 0x0000000080400000|100%|HS|  |TAMS 0x0000000080400000, 0x0000000080300000| Complete 
|   4|0x0000000080400000, 0x0000000080500000, 0x0000000080500000|100%|HC|  |TAMS 0x0000000080500000, 0x0000000080400000| Complete 
|   5|0x0000000080500000, 0x0000000080600000, 0x0000000080600000|100%|HC|  |TAMS 0x0000000080600000, 0x0000000080500000| Complete 
|   6|0x0000000080600000, 0x0000000080700000, 0x0000000080700000|100%| O|  |TAMS 0x0000000080700000, 0x0000000080600000| Untracked 
|   7|0x0000000080700000, 0x0000000080800000, 0x0000000080800000|100%| O|  |TAMS 0x0000000080800000, 0x0000000080700000| Untracked 
|   8|0x0000000080800000, 0x0000000080900000, 0x0000000080900000|100%| O|  |TAMS 0x0000000080900000, 0x0000000080800000| Untracked 
|   9|0x0000000080900000, 0x0000000080a00000, 0x0000000080a00000|100%| O|  |TAMS 0x0000000080a00000, 0x0000000080900000| Untracked 
|  10|0x0000000080a00000, 0x0000000080b00000, 0x0000000080b00000|100%| O|  |TAMS 0x0000000080b00000, 0x0000000080a00000| Untracked 
|  11|0x0000000080b00000, 0x0000000080c00000, 0x0000000080c00000|100%| O|  |TAMS 0x0000000080c00000, 0x0000000080b00000| Untracked 
|  12|0x0000000080c00000, 0x0000000080d00000, 0x0000000080d00000|100%| O|  |TAMS 0x0000000080d00000, 0x0000000080c00000| Untracked 
|  13|0x0000000080d00000, 0x0000000080e00000, 0x0000000080e00000|100%| O|  |TAMS 0x0000000080e00000, 0x0000000080d00000| Untracked 
|  14|0x0000000080e00000, 0x0000000080f00000, 0x0000000080f00000|100%| O|  |TAMS 0x0000000080f00000, 0x0000000080e00000| Complete 
|  15|0x0000000080f00000, 0x0000000081000000, 0x0000000081000000|100%| O|  |TAMS 0x0000000081000000, 0x0000000080f00000| Untracked 
|  16|0x0000000081000000, 0x0000000081100000, 0x0000000081100000|100%| O|  |TAMS 0x0000000081100000, 0x0000000081000000| Untracked 
|  17|0x0000000081100000, 0x0000000081200000, 0x0000000081200000|100%|HS|  |TAMS 0x0000000081200000, 0x0000000081100000| Complete 
|  18|0x0000000081200000, 0x0000000081300000, 0x0000000081300000|100%| O|  |TAMS 0x0000000081300000, 0x0000000081200000| Untracked 
|  19|0x0000000081300000, 0x0000000081400000, 0x0000000081400000|100%| O|  |TAMS 0x0000000081400000, 0x0000000081300000| Untracked 
|  20|0x0000000081400000, 0x0000000081500000, 0x0000000081500000|100%| O|  |TAMS 0x0000000081500000, 0x0000000081400000| Untracked 
|  21|0x0000000081500000, 0x0000000081600000, 0x0000000081600000|100%| O|  |TAMS 0x0000000081600000, 0x0000000081500000| Complete 
|  22|0x0000000081600000, 0x0000000081700000, 0x0000000081700000|100%| O|  |TAMS 0x0000000081700000, 0x0000000081600000| Untracked 
|  23|0x0000000081700000, 0x0000000081800000, 0x0000000081800000|100%| O|  |TAMS 0x0000000081800000, 0x0000000081700000| Untracked 
|  24|0x0000000081800000, 0x0000000081900000, 0x0000000081900000|100%| O|  |TAMS 0x0000000081900000, 0x0000000081800000| Untracked 
|  25|0x0000000081900000, 0x0000000081a00000, 0x0000000081a00000|100%| O|  |TAMS 0x0000000081a00000, 0x0000000081900000| Untracked 
|  26|0x0000000081a00000, 0x0000000081b00000, 0x0000000081b00000|100%| O|  |TAMS 0x0000000081b00000, 0x0000000081a00000| Untracked 
|  27|0x0000000081b00000, 0x0000000081c00000, 0x0000000081c00000|100%|HS|  |TAMS 0x0000000081c00000, 0x0000000081b00000| Complete 
|  28|0x0000000081c00000, 0x0000000081d00000, 0x0000000081d00000|100%| O|  |TAMS 0x0000000081d00000, 0x0000000081c00000| Untracked 
|  29|0x0000000081d00000, 0x0000000081e00000, 0x0000000081e00000|100%|HS|  |TAMS 0x0000000081e00000, 0x0000000081d00000| Complete 
|  30|0x0000000081e00000, 0x0000000081f00000, 0x0000000081f00000|100%|HC|  |TAMS 0x0000000081f00000, 0x0000000081e00000| Complete 
|  31|0x0000000081f00000, 0x0000000082000000, 0x0000000082000000|100%| O|  |TAMS 0x0000000082000000, 0x0000000081f00000| Untracked 
|  32|0x0000000082000000, 0x0000000082100000, 0x0000000082100000|100%| O|  |TAMS 0x0000000082100000, 0x0000000082000000| Complete 
|  33|0x0000000082100000, 0x0000000082200000, 0x0000000082200000|100%| O|  |TAMS 0x0000000082200000, 0x0000000082100000| Untracked 
|  34|0x0000000082200000, 0x0000000082300000, 0x0000000082300000|100%| O|  |TAMS 0x0000000082300000, 0x0000000082200000| Untracked 
|  35|0x0000000082300000, 0x0000000082400000, 0x0000000082400000|100%| O|  |TAMS 0x0000000082400000, 0x0000000082300000| Untracked 
|  36|0x0000000082400000, 0x0000000082500000, 0x0000000082500000|100%| O|  |TAMS 0x0000000082500000, 0x0000000082400000| Untracked 
|  37|0x0000000082500000, 0x0000000082600000, 0x0000000082600000|100%| O|  |TAMS 0x0000000082600000, 0x0000000082500000| Untracked 
|  38|0x0000000082600000, 0x0000000082700000, 0x0000000082700000|100%| O|  |TAMS 0x0000000082700000, 0x0000000082600000| Untracked 
|  39|0x0000000082700000, 0x0000000082800000, 0x0000000082800000|100%| O|  |TAMS 0x0000000082800000, 0x0000000082700000| Complete 
|  40|0x0000000082800000, 0x0000000082900000, 0x0000000082900000|100%| O|  |TAMS 0x0000000082900000, 0x0000000082800000| Untracked 
|  41|0x0000000082900000, 0x0000000082a00000, 0x0000000082a00000|100%| O|  |TAMS 0x0000000082a00000, 0x0000000082900000| Complete 
|  42|0x0000000082a00000, 0x0000000082b00000, 0x0000000082b00000|100%| O|  |TAMS 0x0000000082b00000, 0x0000000082a00000| Untracked 
|  43|0x0000000082b00000, 0x0000000082c00000, 0x0000000082c00000|100%| O|  |TAMS 0x0000000082c00000, 0x0000000082b00000| Untracked 
|  44|0x0000000082c00000, 0x0000000082d00000, 0x0000000082d00000|100%| O|  |TAMS 0x0000000082d00000, 0x0000000082c00000| Untracked 
|  45|0x0000000082d00000, 0x0000000082e00000, 0x0000000082e00000|100%| O|  |TAMS 0x0000000082e00000, 0x0000000082d00000| Untracked 
|  46|0x0000000082e00000, 0x0000000082f00000, 0x0000000082f00000|100%| O|  |TAMS 0x0000000082f00000, 0x0000000082e00000| Untracked 
|  47|0x0000000082f00000, 0x0000000083000000, 0x0000000083000000|100%| O|  |TAMS 0x0000000083000000, 0x0000000082f00000| Untracked 
|  48|0x0000000083000000, 0x0000000083100000, 0x0000000083100000|100%| O|  |TAMS 0x0000000083100000, 0x0000000083000000| Complete 
|  49|0x0000000083100000, 0x0000000083200000, 0x0000000083200000|100%| O|  |TAMS 0x0000000083200000, 0x0000000083100000| Complete 
|  50|0x0000000083200000, 0x0000000083300000, 0x0000000083300000|100%| O|  |TAMS 0x0000000083300000, 0x0000000083200000| Untracked 
|  51|0x0000000083300000, 0x0000000083400000, 0x0000000083400000|100%| O|  |TAMS 0x0000000083400000, 0x0000000083300000| Untracked 
|  52|0x0000000083400000, 0x0000000083500000, 0x0000000083500000|100%| O|  |TAMS 0x0000000083500000, 0x0000000083400000| Untracked 
|  53|0x0000000083500000, 0x0000000083600000, 0x0000000083600000|100%| O|  |TAMS 0x0000000083600000, 0x0000000083500000| Complete 
|  54|0x0000000083600000, 0x0000000083700000, 0x0000000083700000|100%| O|  |TAMS 0x0000000083700000, 0x0000000083600000| Untracked 
|  55|0x0000000083700000, 0x0000000083800000, 0x0000000083800000|100%| O|  |TAMS 0x0000000083800000, 0x0000000083700000| Complete 
|  56|0x0000000083800000, 0x0000000083900000, 0x0000000083900000|100%| O|  |TAMS 0x0000000083900000, 0x0000000083800000| Complete 
|  57|0x0000000083900000, 0x0000000083a00000, 0x0000000083a00000|100%| O|  |TAMS 0x0000000083a00000, 0x0000000083900000| Complete 
|  58|0x0000000083a00000, 0x0000000083b00000, 0x0000000083b00000|100%| O|  |TAMS 0x0000000083b00000, 0x0000000083a00000| Complete 
|  59|0x0000000083b00000, 0x0000000083c00000, 0x0000000083c00000|100%| O|  |TAMS 0x0000000083c00000, 0x0000000083b00000| Untracked 
|  60|0x0000000083c00000, 0x0000000083d00000, 0x0000000083d00000|100%| O|  |TAMS 0x0000000083d00000, 0x0000000083c00000| Untracked 
|  61|0x0000000083d00000, 0x0000000083e00000, 0x0000000083e00000|100%| O|  |TAMS 0x0000000083e00000, 0x0000000083d00000| Complete 
|  62|0x0000000083e00000, 0x0000000083f00000, 0x0000000083f00000|100%| O|  |TAMS 0x0000000083f00000, 0x0000000083e00000| Complete 
|  63|0x0000000083f00000, 0x0000000084000000, 0x0000000084000000|100%| O|  |TAMS 0x0000000084000000, 0x0000000083f00000| Complete 
|  64|0x0000000084000000, 0x0000000084100000, 0x0000000084100000|100%| O|  |TAMS 0x0000000084100000, 0x0000000084000000| Complete 
|  65|0x0000000084100000, 0x0000000084200000, 0x0000000084200000|100%| O|  |TAMS 0x0000000084200000, 0x0000000084100000| Complete 
|  66|0x0000000084200000, 0x0000000084300000, 0x0000000084300000|100%|HS|  |TAMS 0x0000000084200000, 0x0000000084200000| Complete 
|  67|0x0000000084300000, 0x0000000084400000, 0x0000000084400000|100%| O|  |TAMS 0x0000000084400000, 0x0000000084300000| Untracked 
|  68|0x0000000084400000, 0x0000000084500000, 0x0000000084500000|100%| O|  |TAMS 0x0000000084500000, 0x0000000084400000| Complete 
|  69|0x0000000084500000, 0x0000000084600000, 0x0000000084600000|100%| O|  |TAMS 0x0000000084600000, 0x0000000084500000| Complete 
|  70|0x0000000084600000, 0x00000000846c2e00, 0x0000000084700000| 76%| O|  |TAMS 0x00000000846c2e00, 0x0000000084600000| Untracked 
|  71|0x0000000084700000, 0x0000000084800000, 0x0000000084800000|100%|HS|  |TAMS 0x0000000084700000, 0x0000000084700000| Complete 
|  72|0x0000000084800000, 0x0000000084900000, 0x0000000084900000|100%|HC|  |TAMS 0x0000000084800000, 0x0000000084800000| Complete 
|  73|0x0000000084900000, 0x0000000084a00000, 0x0000000084a00000|100%|HS|  |TAMS 0x0000000084900000, 0x0000000084900000| Complete 
|  74|0x0000000084a00000, 0x0000000084b00000, 0x0000000084b00000|100%|HC|  |TAMS 0x0000000084a00000, 0x0000000084a00000| Complete 
|  75|0x0000000084b00000, 0x0000000084b00000, 0x0000000084c00000|  0%| F|  |TAMS 0x0000000084b00000, 0x0000000084b00000| Untracked 
|  76|0x0000000084c00000, 0x0000000084d00000, 0x0000000084d00000|100%| O|  |TAMS 0x0000000084d00000, 0x0000000084c00000| Complete 
|  77|0x0000000084d00000, 0x0000000084e00000, 0x0000000084e00000|100%| O|  |TAMS 0x0000000084e00000, 0x0000000084d00000| Complete 
|  78|0x0000000084e00000, 0x0000000084f00000, 0x0000000084f00000|100%| O|  |TAMS 0x0000000084f00000, 0x0000000084e00000| Untracked 
|  79|0x0000000084f00000, 0x0000000085000000, 0x0000000085000000|100%| O|  |TAMS 0x0000000085000000, 0x0000000084f00000| Complete 
|  80|0x0000000085000000, 0x0000000085100000, 0x0000000085100000|100%| O|  |TAMS 0x0000000085100000, 0x0000000085000000| Untracked 
|  81|0x0000000085100000, 0x0000000085200000, 0x0000000085200000|100%| O|  |TAMS 0x0000000085200000, 0x0000000085100000| Complete 
|  82|0x0000000085200000, 0x0000000085300000, 0x0000000085300000|100%| O|  |TAMS 0x0000000085300000, 0x0000000085200000| Complete 
|  83|0x0000000085300000, 0x0000000085400000, 0x0000000085400000|100%| O|  |TAMS 0x0000000085400000, 0x0000000085300000| Untracked 
|  84|0x0000000085400000, 0x0000000085500000, 0x0000000085500000|100%| O|  |TAMS 0x0000000085500000, 0x0000000085400000| Untracked 
|  85|0x0000000085500000, 0x0000000085600000, 0x0000000085600000|100%| O|  |TAMS 0x0000000085600000, 0x0000000085500000| Untracked 
|  86|0x0000000085600000, 0x0000000085700000, 0x0000000085700000|100%| O|  |TAMS 0x0000000085700000, 0x0000000085600000| Untracked 
|  87|0x0000000085700000, 0x0000000085800000, 0x0000000085800000|100%| O|  |TAMS 0x0000000085800000, 0x0000000085700000| Complete 
|  88|0x0000000085800000, 0x0000000085900000, 0x0000000085900000|100%| O|  |TAMS 0x0000000085900000, 0x0000000085800000| Complete 
|  89|0x0000000085900000, 0x0000000085a00000, 0x0000000085a00000|100%| O|  |TAMS 0x0000000085a00000, 0x0000000085900000| Complete 
|  90|0x0000000085a00000, 0x0000000085b00000, 0x0000000085b00000|100%| O|  |TAMS 0x0000000085b00000, 0x0000000085a00000| Complete 
|  91|0x0000000085b00000, 0x0000000085c00000, 0x0000000085c00000|100%|HS|  |TAMS 0x0000000085b00000, 0x0000000085b00000| Complete 
|  92|0x0000000085c00000, 0x0000000085d00000, 0x0000000085d00000|100%|HC|  |TAMS 0x0000000085c00000, 0x0000000085c00000| Complete 
|  93|0x0000000085d00000, 0x0000000085e00000, 0x0000000085e00000|100%|HS|  |TAMS 0x0000000085d00000, 0x0000000085d00000| Complete 
|  94|0x0000000085e00000, 0x0000000085f00000, 0x0000000085f00000|100%|HC|  |TAMS 0x0000000085e00000, 0x0000000085e00000| Complete 
|  95|0x0000000085f00000, 0x0000000086000000, 0x0000000086000000|100%| O|  |TAMS 0x0000000086000000, 0x0000000085f00000| Untracked 
|  96|0x0000000086000000, 0x0000000086100000, 0x0000000086100000|100%| O|  |TAMS 0x0000000086100000, 0x0000000086000000| Untracked 
|  97|0x0000000086100000, 0x0000000086200000, 0x0000000086200000|100%| O|  |TAMS 0x0000000086200000, 0x0000000086100000| Complete 
|  98|0x0000000086200000, 0x0000000086300000, 0x0000000086300000|100%| O|  |TAMS 0x0000000086300000, 0x0000000086200000| Complete 
|  99|0x0000000086300000, 0x0000000086400000, 0x0000000086400000|100%| O|  |TAMS 0x0000000086400000, 0x0000000086300000| Complete 
| 100|0x0000000086400000, 0x0000000086500000, 0x0000000086500000|100%|HS|  |TAMS 0x0000000086400000, 0x0000000086400000| Complete 
| 101|0x0000000086500000, 0x0000000086600000, 0x0000000086600000|100%|HC|  |TAMS 0x0000000086500000, 0x0000000086500000| Complete 
| 102|0x0000000086600000, 0x0000000086600000, 0x0000000086700000|  0%| F|  |TAMS 0x0000000086600000, 0x0000000086600000| Untracked 
| 103|0x0000000086700000, 0x0000000086700000, 0x0000000086800000|  0%| F|  |TAMS 0x0000000086700000, 0x0000000086700000| Untracked 
| 104|0x0000000086800000, 0x0000000086800000, 0x0000000086900000|  0%| F|  |TAMS 0x0000000086800000, 0x0000000086800000| Untracked 
| 105|0x0000000086900000, 0x0000000086900000, 0x0000000086a00000|  0%| F|  |TAMS 0x0000000086900000, 0x0000000086900000| Untracked 
| 106|0x0000000086a00000, 0x0000000086b00000, 0x0000000086b00000|100%| O|  |TAMS 0x0000000086b00000, 0x0000000086a00000| Complete 
| 107|0x0000000086b00000, 0x0000000086b00000, 0x0000000086c00000|  0%| F|  |TAMS 0x0000000086b00000, 0x0000000086b00000| Untracked 
| 108|0x0000000086c00000, 0x0000000086c00000, 0x0000000086d00000|  0%| F|  |TAMS 0x0000000086c00000, 0x0000000086c00000| Untracked 
| 109|0x0000000086d00000, 0x0000000086e00000, 0x0000000086e00000|100%| O|  |TAMS 0x0000000086e00000, 0x0000000086d00000| Complete 
| 110|0x0000000086e00000, 0x0000000086f00000, 0x0000000086f00000|100%| O|  |TAMS 0x0000000086f00000, 0x0000000086e00000| Complete 
| 111|0x0000000086f00000, 0x0000000087000000, 0x0000000087000000|100%| O|  |TAMS 0x0000000087000000, 0x0000000086f00000| Untracked 
| 112|0x0000000087000000, 0x0000000087100000, 0x0000000087100000|100%| O|  |TAMS 0x0000000087100000, 0x0000000087000000| Complete 
| 113|0x0000000087100000, 0x0000000087200000, 0x0000000087200000|100%| O|  |TAMS 0x0000000087200000, 0x0000000087100000| Complete 
| 114|0x0000000087200000, 0x0000000087200000, 0x0000000087300000|  0%| F|  |TAMS 0x0000000087200000, 0x0000000087200000| Untracked 
| 115|0x0000000087300000, 0x0000000087400000, 0x0000000087400000|100%| O|  |TAMS 0x0000000087400000, 0x0000000087300000| Complete 
| 116|0x0000000087400000, 0x0000000087400000, 0x0000000087500000|  0%| F|  |TAMS 0x0000000087400000, 0x0000000087400000| Untracked 
| 117|0x0000000087500000, 0x0000000087600000, 0x0000000087600000|100%| O|  |TAMS 0x0000000087600000, 0x0000000087500000| Complete 
| 118|0x0000000087600000, 0x0000000087700000, 0x0000000087700000|100%| O|  |TAMS 0x0000000087700000, 0x0000000087600000| Complete 
| 119|0x0000000087700000, 0x0000000087800000, 0x0000000087800000|100%| O|  |TAMS 0x0000000087800000, 0x0000000087700000| Untracked 
| 120|0x0000000087800000, 0x0000000087900000, 0x0000000087900000|100%| O|  |TAMS 0x0000000087900000, 0x0000000087800000| Complete 
| 121|0x0000000087900000, 0x0000000087a00000, 0x0000000087a00000|100%| O|  |TAMS 0x0000000087a00000, 0x0000000087900000| Complete 
| 122|0x0000000087a00000, 0x0000000087a00000, 0x0000000087b00000|  0%| F|  |TAMS 0x0000000087a00000, 0x0000000087a00000| Untracked 
| 123|0x0000000087b00000, 0x0000000087c00000, 0x0000000087c00000|100%| O|  |TAMS 0x0000000087c00000, 0x0000000087b00000| Complete 
| 124|0x0000000087c00000, 0x0000000087c00000, 0x0000000087d00000|  0%| F|  |TAMS 0x0000000087c00000, 0x0000000087c00000| Untracked 
| 125|0x0000000087d00000, 0x0000000087d00000, 0x0000000087e00000|  0%| F|  |TAMS 0x0000000087d00000, 0x0000000087d00000| Untracked 
| 126|0x0000000087e00000, 0x0000000087e00000, 0x0000000087f00000|  0%| F|  |TAMS 0x0000000087e00000, 0x0000000087e00000| Untracked 
| 127|0x0000000087f00000, 0x0000000087f00000, 0x0000000088000000|  0%| F|  |TAMS 0x0000000087f00000, 0x0000000087f00000| Untracked 
| 128|0x0000000088000000, 0x0000000088000000, 0x0000000088100000|  0%| F|  |TAMS 0x0000000088000000, 0x0000000088000000| Untracked 
| 129|0x0000000088100000, 0x0000000088100000, 0x0000000088200000|  0%| F|  |TAMS 0x0000000088100000, 0x0000000088100000| Untracked 
| 130|0x0000000088200000, 0x0000000088200000, 0x0000000088300000|  0%| F|  |TAMS 0x0000000088200000, 0x0000000088200000| Untracked 
| 131|0x0000000088300000, 0x0000000088300000, 0x0000000088400000|  0%| F|  |TAMS 0x0000000088300000, 0x0000000088300000| Untracked 
| 132|0x0000000088400000, 0x0000000088500000, 0x0000000088500000|100%| O|  |TAMS 0x0000000088500000, 0x0000000088400000| Complete 
| 133|0x0000000088500000, 0x0000000088600000, 0x0000000088600000|100%| O|  |TAMS 0x0000000088600000, 0x0000000088500000| Complete 
| 134|0x0000000088600000, 0x0000000088600000, 0x0000000088700000|  0%| F|  |TAMS 0x0000000088600000, 0x0000000088600000| Untracked 
| 135|0x0000000088700000, 0x0000000088700000, 0x0000000088800000|  0%| F|  |TAMS 0x0000000088700000, 0x0000000088700000| Untracked 
| 136|0x0000000088800000, 0x0000000088800000, 0x0000000088900000|  0%| F|  |TAMS 0x0000000088800000, 0x0000000088800000| Untracked 
| 137|0x0000000088900000, 0x0000000088900000, 0x0000000088a00000|  0%| F|  |TAMS 0x0000000088900000, 0x0000000088900000| Untracked 
| 138|0x0000000088a00000, 0x0000000088a00000, 0x0000000088b00000|  0%| F|  |TAMS 0x0000000088a00000, 0x0000000088a00000| Untracked 
| 139|0x0000000088b00000, 0x0000000088b00000, 0x0000000088c00000|  0%| F|  |TAMS 0x0000000088b00000, 0x0000000088b00000| Untracked 
| 140|0x0000000088c00000, 0x0000000088c00000, 0x0000000088d00000|  0%| F|  |TAMS 0x0000000088c00000, 0x0000000088c00000| Untracked 
| 141|0x0000000088d00000, 0x0000000088d00000, 0x0000000088e00000|  0%| F|  |TAMS 0x0000000088d00000, 0x0000000088d00000| Untracked 
| 142|0x0000000088e00000, 0x0000000088e00000, 0x0000000088f00000|  0%| F|  |TAMS 0x0000000088e00000, 0x0000000088e00000| Untracked 
| 143|0x0000000088f00000, 0x0000000088f00000, 0x0000000089000000|  0%| F|  |TAMS 0x0000000088f00000, 0x0000000088f00000| Untracked 
| 144|0x0000000089000000, 0x0000000089000000, 0x0000000089100000|  0%| F|  |TAMS 0x0000000089000000, 0x0000000089000000| Untracked 
| 145|0x0000000089100000, 0x0000000089200000, 0x0000000089200000|100%| O|  |TAMS 0x0000000089200000, 0x0000000089100000| Complete 
| 146|0x0000000089200000, 0x0000000089200000, 0x0000000089300000|  0%| F|  |TAMS 0x0000000089200000, 0x0000000089200000| Untracked 
| 147|0x0000000089300000, 0x0000000089300000, 0x0000000089400000|  0%| F|  |TAMS 0x0000000089300000, 0x0000000089300000| Untracked 
| 148|0x0000000089400000, 0x0000000089400000, 0x0000000089500000|  0%| F|  |TAMS 0x0000000089400000, 0x0000000089400000| Untracked 
| 149|0x0000000089500000, 0x0000000089500000, 0x0000000089600000|  0%| F|  |TAMS 0x0000000089500000, 0x0000000089500000| Untracked 
| 150|0x0000000089600000, 0x0000000089600000, 0x0000000089700000|  0%| F|  |TAMS 0x0000000089600000, 0x0000000089600000| Untracked 
| 151|0x0000000089700000, 0x0000000089700000, 0x0000000089800000|  0%| F|  |TAMS 0x0000000089700000, 0x0000000089700000| Untracked 
| 152|0x0000000089800000, 0x0000000089900000, 0x0000000089900000|100%| O|  |TAMS 0x0000000089900000, 0x0000000089800000| Complete 
| 153|0x0000000089900000, 0x0000000089a00000, 0x0000000089a00000|100%| O|  |TAMS 0x0000000089a00000, 0x0000000089900000| Complete 
| 154|0x0000000089a00000, 0x0000000089b00000, 0x0000000089b00000|100%| O|  |TAMS 0x0000000089b00000, 0x0000000089a00000| Untracked 
| 155|0x0000000089b00000, 0x0000000089c00000, 0x0000000089c00000|100%| O|  |TAMS 0x0000000089c00000, 0x0000000089b00000| Untracked 
| 156|0x0000000089c00000, 0x0000000089c00000, 0x0000000089d00000|  0%| F|  |TAMS 0x0000000089c00000, 0x0000000089c00000| Untracked 
| 157|0x0000000089d00000, 0x0000000089d00000, 0x0000000089e00000|  0%| F|  |TAMS 0x0000000089d00000, 0x0000000089d00000| Untracked 
| 158|0x0000000089e00000, 0x0000000089e00000, 0x0000000089f00000|  0%| F|  |TAMS 0x0000000089e00000, 0x0000000089e00000| Untracked 
| 159|0x0000000089f00000, 0x0000000089f00000, 0x000000008a000000|  0%| F|  |TAMS 0x0000000089f00000, 0x0000000089f00000| Untracked 
| 160|0x000000008a000000, 0x000000008a000000, 0x000000008a100000|  0%| F|  |TAMS 0x000000008a000000, 0x000000008a000000| Untracked 
| 161|0x000000008a100000, 0x000000008a100000, 0x000000008a200000|  0%| F|  |TAMS 0x000000008a100000, 0x000000008a100000| Untracked 
| 162|0x000000008a200000, 0x000000008a200000, 0x000000008a300000|  0%| F|  |TAMS 0x000000008a200000, 0x000000008a200000| Untracked 
| 163|0x000000008a300000, 0x000000008a300000, 0x000000008a400000|  0%| F|  |TAMS 0x000000008a300000, 0x000000008a300000| Untracked 
| 164|0x000000008a400000, 0x000000008a400000, 0x000000008a500000|  0%| F|  |TAMS 0x000000008a400000, 0x000000008a400000| Untracked 
| 165|0x000000008a500000, 0x000000008a500000, 0x000000008a600000|  0%| F|  |TAMS 0x000000008a500000, 0x000000008a500000| Untracked 
| 166|0x000000008a600000, 0x000000008a600000, 0x000000008a700000|  0%| F|  |TAMS 0x000000008a600000, 0x000000008a600000| Untracked 
| 167|0x000000008a700000, 0x000000008a700000, 0x000000008a800000|  0%| F|  |TAMS 0x000000008a700000, 0x000000008a700000| Untracked 
| 168|0x000000008a800000, 0x000000008a800000, 0x000000008a900000|  0%| F|  |TAMS 0x000000008a800000, 0x000000008a800000| Untracked 
| 169|0x000000008a900000, 0x000000008a900000, 0x000000008aa00000|  0%| F|  |TAMS 0x000000008a900000, 0x000000008a900000| Untracked 
| 170|0x000000008aa00000, 0x000000008aa00000, 0x000000008ab00000|  0%| F|  |TAMS 0x000000008aa00000, 0x000000008aa00000| Untracked 
| 171|0x000000008ab00000, 0x000000008ab00000, 0x000000008ac00000|  0%| F|  |TAMS 0x000000008ab00000, 0x000000008ab00000| Untracked 
| 172|0x000000008ac00000, 0x000000008ac00000, 0x000000008ad00000|  0%| F|  |TAMS 0x000000008ac00000, 0x000000008ac00000| Untracked 
| 173|0x000000008ad00000, 0x000000008ad00000, 0x000000008ae00000|  0%| F|  |TAMS 0x000000008ad00000, 0x000000008ad00000| Untracked 
| 174|0x000000008ae00000, 0x000000008ae00000, 0x000000008af00000|  0%| F|  |TAMS 0x000000008ae00000, 0x000000008ae00000| Untracked 
| 175|0x000000008af00000, 0x000000008af00000, 0x000000008b000000|  0%| F|  |TAMS 0x000000008af00000, 0x000000008af00000| Untracked 
| 176|0x000000008b000000, 0x000000008b000000, 0x000000008b100000|  0%| F|  |TAMS 0x000000008b000000, 0x000000008b000000| Untracked 
| 177|0x000000008b100000, 0x000000008b100000, 0x000000008b200000|  0%| F|  |TAMS 0x000000008b100000, 0x000000008b100000| Untracked 
| 178|0x000000008b200000, 0x000000008b200000, 0x000000008b300000|  0%| F|  |TAMS 0x000000008b200000, 0x000000008b200000| Untracked 
| 179|0x000000008b300000, 0x000000008b300000, 0x000000008b400000|  0%| F|  |TAMS 0x000000008b300000, 0x000000008b300000| Untracked 
| 180|0x000000008b400000, 0x000000008b400000, 0x000000008b500000|  0%| F|  |TAMS 0x000000008b400000, 0x000000008b400000| Untracked 
| 181|0x000000008b500000, 0x000000008b500000, 0x000000008b600000|  0%| F|  |TAMS 0x000000008b500000, 0x000000008b500000| Untracked 
| 182|0x000000008b600000, 0x000000008b600000, 0x000000008b700000|  0%| F|  |TAMS 0x000000008b600000, 0x000000008b600000| Untracked 
| 183|0x000000008b700000, 0x000000008b700000, 0x000000008b800000|  0%| F|  |TAMS 0x000000008b700000, 0x000000008b700000| Untracked 
| 184|0x000000008b800000, 0x000000008b800000, 0x000000008b900000|  0%| F|  |TAMS 0x000000008b800000, 0x000000008b800000| Untracked 
| 185|0x000000008b900000, 0x000000008b900000, 0x000000008ba00000|  0%| F|  |TAMS 0x000000008b900000, 0x000000008b900000| Untracked 
| 186|0x000000008ba00000, 0x000000008ba00000, 0x000000008bb00000|  0%| F|  |TAMS 0x000000008ba00000, 0x000000008ba00000| Untracked 
| 187|0x000000008bb00000, 0x000000008bb00000, 0x000000008bc00000|  0%| F|  |TAMS 0x000000008bb00000, 0x000000008bb00000| Untracked 
| 188|0x000000008bc00000, 0x000000008bc00000, 0x000000008bd00000|  0%| F|  |TAMS 0x000000008bc00000, 0x000000008bc00000| Untracked 
| 189|0x000000008bd00000, 0x000000008bd00000, 0x000000008be00000|  0%| F|  |TAMS 0x000000008bd00000, 0x000000008bd00000| Untracked 
| 190|0x000000008be00000, 0x000000008be00000, 0x000000008bf00000|  0%| F|  |TAMS 0x000000008be00000, 0x000000008be00000| Untracked 
| 191|0x000000008bf00000, 0x000000008bf00000, 0x000000008c000000|  0%| F|  |TAMS 0x000000008bf00000, 0x000000008bf00000| Untracked 
| 192|0x000000008c000000, 0x000000008c000000, 0x000000008c100000|  0%| F|  |TAMS 0x000000008c000000, 0x000000008c000000| Untracked 
| 193|0x000000008c100000, 0x000000008c100000, 0x000000008c200000|  0%| F|  |TAMS 0x000000008c100000, 0x000000008c100000| Untracked 
| 194|0x000000008c200000, 0x000000008c200000, 0x000000008c300000|  0%| F|  |TAMS 0x000000008c200000, 0x000000008c200000| Untracked 
| 195|0x000000008c300000, 0x000000008c300000, 0x000000008c400000|  0%| F|  |TAMS 0x000000008c300000, 0x000000008c300000| Untracked 
| 196|0x000000008c400000, 0x000000008c400000, 0x000000008c500000|  0%| F|  |TAMS 0x000000008c400000, 0x000000008c400000| Untracked 
| 197|0x000000008c500000, 0x000000008c500000, 0x000000008c600000|  0%| F|  |TAMS 0x000000008c500000, 0x000000008c500000| Untracked 
| 198|0x000000008c600000, 0x000000008c600000, 0x000000008c700000|  0%| F|  |TAMS 0x000000008c600000, 0x000000008c600000| Untracked 
| 199|0x000000008c700000, 0x000000008c7a3098, 0x000000008c800000| 63%| E|  |TAMS 0x000000008c700000, 0x000000008c700000| Complete 
| 200|0x000000008c800000, 0x000000008c900000, 0x000000008c900000|100%| E|CS|TAMS 0x000000008c800000, 0x000000008c800000| Complete 
| 201|0x000000008c900000, 0x000000008ca00000, 0x000000008ca00000|100%| E|CS|TAMS 0x000000008c900000, 0x000000008c900000| Complete 
| 202|0x000000008ca00000, 0x000000008cb00000, 0x000000008cb00000|100%| E|CS|TAMS 0x000000008ca00000, 0x000000008ca00000| Complete 
| 203|0x000000008cb00000, 0x000000008cc00000, 0x000000008cc00000|100%| E|CS|TAMS 0x000000008cb00000, 0x000000008cb00000| Complete 
| 204|0x000000008cc00000, 0x000000008cd00000, 0x000000008cd00000|100%| E|CS|TAMS 0x000000008cc00000, 0x000000008cc00000| Complete 
| 205|0x000000008cd00000, 0x000000008ce00000, 0x000000008ce00000|100%| E|CS|TAMS 0x000000008cd00000, 0x000000008cd00000| Complete 
| 206|0x000000008ce00000, 0x000000008cf00000, 0x000000008cf00000|100%| E|CS|TAMS 0x000000008ce00000, 0x000000008ce00000| Complete 
| 207|0x000000008cf00000, 0x000000008d000000, 0x000000008d000000|100%| E|CS|TAMS 0x000000008cf00000, 0x000000008cf00000| Complete 
| 208|0x000000008d000000, 0x000000008d100000, 0x000000008d100000|100%| E|CS|TAMS 0x000000008d000000, 0x000000008d000000| Complete 
| 209|0x000000008d100000, 0x000000008d200000, 0x000000008d200000|100%| E|CS|TAMS 0x000000008d100000, 0x000000008d100000| Complete 
| 210|0x000000008d200000, 0x000000008d300000, 0x000000008d300000|100%| E|CS|TAMS 0x000000008d200000, 0x000000008d200000| Complete 
| 211|0x000000008d300000, 0x000000008d400000, 0x000000008d400000|100%| E|CS|TAMS 0x000000008d300000, 0x000000008d300000| Complete 
| 212|0x000000008d400000, 0x000000008d500000, 0x000000008d500000|100%| E|CS|TAMS 0x000000008d400000, 0x000000008d400000| Complete 
| 213|0x000000008d500000, 0x000000008d600000, 0x000000008d600000|100%| E|CS|TAMS 0x000000008d500000, 0x000000008d500000| Complete 
| 214|0x000000008d600000, 0x000000008d700000, 0x000000008d700000|100%| E|CS|TAMS 0x000000008d600000, 0x000000008d600000| Complete 
| 215|0x000000008d700000, 0x000000008d800000, 0x000000008d800000|100%| E|CS|TAMS 0x000000008d700000, 0x000000008d700000| Complete 
| 216|0x000000008d800000, 0x000000008d900000, 0x000000008d900000|100%| E|CS|TAMS 0x000000008d800000, 0x000000008d800000| Complete 
| 217|0x000000008d900000, 0x000000008da00000, 0x000000008da00000|100%| E|CS|TAMS 0x000000008d900000, 0x000000008d900000| Complete 
| 218|0x000000008da00000, 0x000000008db00000, 0x000000008db00000|100%| E|CS|TAMS 0x000000008da00000, 0x000000008da00000| Complete 
| 219|0x000000008db00000, 0x000000008dc00000, 0x000000008dc00000|100%| E|CS|TAMS 0x000000008db00000, 0x000000008db00000| Complete 
| 220|0x000000008dc00000, 0x000000008dd00000, 0x000000008dd00000|100%| E|CS|TAMS 0x000000008dc00000, 0x000000008dc00000| Complete 
| 221|0x000000008dd00000, 0x000000008de00000, 0x000000008de00000|100%| E|CS|TAMS 0x000000008dd00000, 0x000000008dd00000| Complete 
| 222|0x000000008de00000, 0x000000008df00000, 0x000000008df00000|100%| E|CS|TAMS 0x000000008de00000, 0x000000008de00000| Complete 
| 223|0x000000008df00000, 0x000000008e000000, 0x000000008e000000|100%| E|CS|TAMS 0x000000008df00000, 0x000000008df00000| Complete 
| 224|0x000000008e000000, 0x000000008e100000, 0x000000008e100000|100%| E|CS|TAMS 0x000000008e000000, 0x000000008e000000| Complete 
| 225|0x000000008e100000, 0x000000008e200000, 0x000000008e200000|100%| E|CS|TAMS 0x000000008e100000, 0x000000008e100000| Complete 
| 226|0x000000008e200000, 0x000000008e273580, 0x000000008e300000| 45%| S|CS|TAMS 0x000000008e200000, 0x000000008e200000| Complete 
| 227|0x000000008e300000, 0x000000008e400000, 0x000000008e400000|100%| S|CS|TAMS 0x000000008e300000, 0x000000008e300000| Complete 
| 228|0x000000008e400000, 0x000000008e500000, 0x000000008e500000|100%| E|CS|TAMS 0x000000008e400000, 0x000000008e400000| Complete 
| 229|0x000000008e500000, 0x000000008e600000, 0x000000008e600000|100%| E|CS|TAMS 0x000000008e500000, 0x000000008e500000| Complete 
| 230|0x000000008e600000, 0x000000008e700000, 0x000000008e700000|100%| E|CS|TAMS 0x000000008e600000, 0x000000008e600000| Complete 
| 231|0x000000008e700000, 0x000000008e800000, 0x000000008e800000|100%| E|CS|TAMS 0x000000008e700000, 0x000000008e700000| Complete 
| 232|0x000000008e800000, 0x000000008e900000, 0x000000008e900000|100%| E|CS|TAMS 0x000000008e800000, 0x000000008e800000| Complete 
| 233|0x000000008e900000, 0x000000008ea00000, 0x000000008ea00000|100%| E|CS|TAMS 0x000000008e900000, 0x000000008e900000| Complete 
| 234|0x000000008ea00000, 0x000000008eb00000, 0x000000008eb00000|100%| E|CS|TAMS 0x000000008ea00000, 0x000000008ea00000| Complete 
| 235|0x000000008eb00000, 0x000000008ec00000, 0x000000008ec00000|100%| E|CS|TAMS 0x000000008eb00000, 0x000000008eb00000| Complete 
| 236|0x000000008ec00000, 0x000000008ed00000, 0x000000008ed00000|100%| E|CS|TAMS 0x000000008ec00000, 0x000000008ec00000| Complete 
| 237|0x000000008ed00000, 0x000000008ee00000, 0x000000008ee00000|100%| E|CS|TAMS 0x000000008ed00000, 0x000000008ed00000| Complete 
| 238|0x000000008ee00000, 0x000000008ef00000, 0x000000008ef00000|100%| E|CS|TAMS 0x000000008ee00000, 0x000000008ee00000| Complete 
| 239|0x000000008ef00000, 0x000000008f000000, 0x000000008f000000|100%| E|CS|TAMS 0x000000008ef00000, 0x000000008ef00000| Complete 
| 240|0x000000008f000000, 0x000000008f100000, 0x000000008f100000|100%| E|CS|TAMS 0x000000008f000000, 0x000000008f000000| Complete 
| 241|0x000000008f100000, 0x000000008f200000, 0x000000008f200000|100%| E|CS|TAMS 0x000000008f100000, 0x000000008f100000| Complete 
| 242|0x000000008f200000, 0x000000008f300000, 0x000000008f300000|100%| E|CS|TAMS 0x000000008f200000, 0x000000008f200000| Complete 
| 243|0x000000008f300000, 0x000000008f400000, 0x000000008f400000|100%| E|CS|TAMS 0x000000008f300000, 0x000000008f300000| Complete 
| 244|0x000000008f400000, 0x000000008f500000, 0x000000008f500000|100%| E|CS|TAMS 0x000000008f400000, 0x000000008f400000| Complete 
| 245|0x000000008f500000, 0x000000008f600000, 0x000000008f600000|100%| E|CS|TAMS 0x000000008f500000, 0x000000008f500000| Complete 
| 246|0x000000008f600000, 0x000000008f700000, 0x000000008f700000|100%| E|CS|TAMS 0x000000008f600000, 0x000000008f600000| Complete 
| 247|0x000000008f700000, 0x000000008f800000, 0x000000008f800000|100%| E|CS|TAMS 0x000000008f700000, 0x000000008f700000| Complete 
| 248|0x000000008f800000, 0x000000008f900000, 0x000000008f900000|100%| E|CS|TAMS 0x000000008f800000, 0x000000008f800000| Complete 
| 249|0x000000008f900000, 0x000000008fa00000, 0x000000008fa00000|100%| E|CS|TAMS 0x000000008f900000, 0x000000008f900000| Complete 
| 250|0x000000008fa00000, 0x000000008fb00000, 0x000000008fb00000|100%| E|CS|TAMS 0x000000008fa00000, 0x000000008fa00000| Complete 
| 251|0x000000008fb00000, 0x000000008fc00000, 0x000000008fc00000|100%| E|CS|TAMS 0x000000008fb00000, 0x000000008fb00000| Complete 
| 252|0x000000008fc00000, 0x000000008fd00000, 0x000000008fd00000|100%| E|CS|TAMS 0x000000008fc00000, 0x000000008fc00000| Complete 
| 253|0x000000008fd00000, 0x000000008fe00000, 0x000000008fe00000|100%| E|CS|TAMS 0x000000008fd00000, 0x000000008fd00000| Complete 
| 254|0x000000008fe00000, 0x000000008ff00000, 0x000000008ff00000|100%| E|CS|TAMS 0x000000008fe00000, 0x000000008fe00000| Complete 
| 255|0x000000008ff00000, 0x0000000090000000, 0x0000000090000000|100%| E|CS|TAMS 0x000000008ff00000, 0x000000008ff00000| Complete 

Card table byte_map: [0x0000025f4edc0000,0x0000025f4f1c0000] _byte_map_base: 0x0000025f4e9c0000

Marking Bits (Prev, Next): (CMBitMap*) 0x0000025f3bbb8e28, (CMBitMap*) 0x0000025f3bbb8e60
 Prev Bits: [0x0000025f4f5c0000, 0x0000025f515c0000)
 Next Bits: [0x0000025f515c0000, 0x0000025f535c0000)

Polling page: 0x0000025f39d20000

Metaspace:

Usage:
  Non-class:    118.59 MB capacity,   116.10 MB ( 98%) used,     1.99 MB (  2%) free+waste,   506.25 KB ( <1%) overhead. 
      Class:     17.47 MB capacity,    16.00 MB ( 92%) used,     1.25 MB (  7%) free+waste,   221.06 KB (  1%) overhead. 
       Both:    136.06 MB capacity,   132.11 MB ( 97%) used,     3.24 MB (  2%) free+waste,   727.31 KB ( <1%) overhead. 

Virtual space:
  Non-class space:      120.00 MB reserved,     118.59 MB ( 99%) committed 
      Class space:        1.00 GB reserved,      17.70 MB (  2%) committed 
             Both:        1.12 GB reserved,     136.29 MB ( 12%) committed 

Chunk freelists:
   Non-Class:  0 bytes
       Class:  190.00 KB
        Both:  190.00 KB

MaxMetaspaceSize: 17179869184.00 GB
CompressedClassSpaceSize: 1.00 GB
Initial GC threshold: 20.80 MB
Current GC threshold: 227.15 MB
CDS: off

CodeHeap 'non-profiled nmethods': size=120000Kb used=19054Kb max_used=19054Kb free=100945Kb
 bounds [0x0000025f47160000, 0x0000025f48400000, 0x0000025f4e690000]
CodeHeap 'profiled nmethods': size=120000Kb used=55917Kb max_used=55917Kb free=64082Kb
 bounds [0x0000025f3fc30000, 0x0000025f432d0000, 0x0000025f47160000]
CodeHeap 'non-nmethods': size=5760Kb used=2453Kb max_used=2531Kb free=3306Kb
 bounds [0x0000025f3f690000, 0x0000025f3f910000, 0x0000025f3fc30000]
 total_blobs=25818 nmethods=24831 adapters=897
 compilation: enabled
              stopped_count=0, restarted_count=0
 full_count=0

Compilation events (20 events):
Event: 2153.932 Thread 0x0000025f5698f000 nmethod 27703 0x0000025f432a1e90 code [0x0000025f432a2040, 0x0000025f432a21f8]
Event: 2153.934 Thread 0x0000025f5698f000 27704       3       com.google.common.base.Strings::isNullOrEmpty (5 bytes)
Event: 2153.935 Thread 0x0000025f5698f000 nmethod 27704 0x0000025f432a2310 code [0x0000025f432a24e0, 0x0000025f432a2778]
Event: 2153.936 Thread 0x0000025f5698c800 27705       4       org.gradle.api.internal.artifacts.ivyservice.resolveengine.graph.CompositeDependencyGraphVisitor::visitEdges (40 bytes)
Event: 2153.939 Thread 0x0000025f5698c800 nmethod 27705 0x0000025f483f7c10 code [0x0000025f483f7dc0, 0x0000025f483f7f98]
Event: 2155.300 Thread 0x0000025f5698c800 27706       4       org.gradle.api.internal.artifacts.ivyservice.ivyresolve.strategy.VersionParser$DefaultVersion::equals (41 bytes)
Event: 2155.302 Thread 0x0000025f5698c800 nmethod 27706 0x0000025f483f8190 code [0x0000025f483f8320, 0x0000025f483f8558]
Event: 2156.054 Thread 0x0000025f5698c800 27707       4       org.gradle.api.internal.artifacts.ivyservice.ivyresolve.CachingModuleComponentRepository$LocateInCacheRepositoryAccess::getProcessedMetadata (41 bytes)
Event: 2156.074 Thread 0x0000025f5698c800 nmethod 27707 0x0000025f483f8690 code [0x0000025f483f8920, 0x0000025f483f9be8]
Event: 2156.074 Thread 0x0000025f5698c800 27708       4       org.gradle.internal.component.external.model.AbstractLazyModuleComponentResolveMetadata::isChanging (5 bytes)
Event: 2156.074 Thread 0x0000025f5698c800 nmethod 27708 0x0000025f483faa10 code [0x0000025f483faba0, 0x0000025f483fabf8]
Event: 2156.721 Thread 0x0000025f5698c800 27709       4       org.gradle.api.internal.artifacts.ivyservice.resolveengine.graph.CompositeDependencyGraphVisitor::visitNode (40 bytes)
Event: 2156.726 Thread 0x0000025f5698c800 nmethod 27709 0x0000025f483fad10 code [0x0000025f483faec0, 0x0000025f483fb098]
Event: 2156.726 Thread 0x0000025f5698c800 27711       4       org.gradle.api.internal.artifacts.ivyservice.resolveengine.artifact.ResolvedArtifactsGraphVisitor::getArtifacts (197 bytes)
Event: 2156.760 Thread 0x0000025f5698f000 27719       3       com.google.common.cache.CacheBuilder::getMaximumWeight (39 bytes)
Event: 2156.761 Thread 0x0000025f5698f000 nmethod 27719 0x0000025f432a2890 code [0x0000025f432a2a40, 0x0000025f432a2c58]
Event: 2156.761 Thread 0x0000025f5698f000 27720       3       com.google.common.cache.LocalCache$EntryFactory::getFactory (39 bytes)
Event: 2156.761 Thread 0x0000025f5698f000 nmethod 27720 0x0000025f432a2d10 code [0x0000025f432a2ec0, 0x0000025f432a30f8]
Event: 2156.761 Thread 0x0000025f5698f000 27721       3       org.gradle.api.internal.project.DefaultProject::toString (5 bytes)
Event: 2156.761 Thread 0x0000025f5698f000 nmethod 27721 0x0000025f432a3210 code [0x0000025f432a33c0, 0x0000025f432a3568]

GC Heap History (20 events):
Event: 1241.780 GC heap before
{Heap before GC invocations=210 (full 0):
 garbage-first heap   total 262144K, used 139472K [0x0000000080000000, 0x0000000100000000)
  region size 1024K, 28 young (28672K), 2 survivors (2048K)
 Metaspace       used 134851K, capacity 138989K, committed 139304K, reserved 1171456K
  class space    used 16383K, capacity 17890K, committed 18124K, reserved 1048576K
}
Event: 1241.785 GC heap after
{Heap after GC invocations=211 (full 0):
 garbage-first heap   total 262144K, used 114580K [0x0000000080000000, 0x0000000100000000)
  region size 1024K, 2 young (2048K), 2 survivors (2048K)
 Metaspace       used 134851K, capacity 138989K, committed 139304K, reserved 1171456K
  class space    used 16383K, capacity 17890K, committed 18124K, reserved 1048576K
}
Event: 1281.411 GC heap before
{Heap before GC invocations=212 (full 0):
 garbage-first heap   total 262144K, used 210836K [0x0000000080000000, 0x0000000100000000)
  region size 1024K, 84 young (86016K), 2 survivors (2048K)
 Metaspace       used 134945K, capacity 139056K, committed 139304K, reserved 1171456K
  class space    used 16383K, capacity 17890K, committed 18124K, reserved 1048576K
}
Event: 1281.426 GC heap after
{Heap after GC invocations=213 (full 0):
 garbage-first heap   total 262144K, used 138604K [0x0000000080000000, 0x0000000100000000)
  region size 1024K, 11 young (11264K), 11 survivors (11264K)
 Metaspace       used 134945K, capacity 139056K, committed 139304K, reserved 1171456K
  class space    used 16383K, capacity 17890K, committed 18124K, reserved 1048576K
}
Event: 1281.430 GC heap before
{Heap before GC invocations=213 (full 0):
 garbage-first heap   total 262144K, used 140652K [0x0000000080000000, 0x0000000100000000)
  region size 1024K, 12 young (12288K), 11 survivors (11264K)
 Metaspace       used 134945K, capacity 139056K, committed 139304K, reserved 1171456K
  class space    used 16383K, capacity 17890K, committed 18124K, reserved 1048576K
}
Event: 1281.441 GC heap after
{Heap after GC invocations=214 (full 0):
 garbage-first heap   total 262144K, used 134041K [0x0000000080000000, 0x0000000100000000)
  region size 1024K, 1 young (1024K), 1 survivors (1024K)
 Metaspace       used 134945K, capacity 139056K, committed 139304K, reserved 1171456K
  class space    used 16383K, capacity 17890K, committed 18124K, reserved 1048576K
}
Event: 1281.442 GC heap before
{Heap before GC invocations=214 (full 0):
 garbage-first heap   total 262144K, used 134041K [0x0000000080000000, 0x0000000100000000)
  region size 1024K, 2 young (2048K), 1 survivors (1024K)
 Metaspace       used 134945K, capacity 139056K, committed 139304K, reserved 1171456K
  class space    used 16383K, capacity 17890K, committed 18124K, reserved 1048576K
}
Event: 1281.447 GC heap after
{Heap after GC invocations=215 (full 0):
 garbage-first heap   total 262144K, used 133830K [0x0000000080000000, 0x0000000100000000)
  region size 1024K, 1 young (1024K), 1 survivors (1024K)
 Metaspace       used 134945K, capacity 139056K, committed 139304K, reserved 1171456K
  class space    used 16383K, capacity 17890K, committed 18124K, reserved 1048576K
}
Event: 1282.696 GC heap before
{Heap before GC invocations=216 (full 0):
 garbage-first heap   total 262144K, used 216774K [0x0000000080000000, 0x0000000100000000)
  region size 1024K, 68 young (69632K), 1 survivors (1024K)
 Metaspace       used 135013K, capacity 139127K, committed 139560K, reserved 1171456K
  class space    used 16383K, capacity 17890K, committed 18124K, reserved 1048576K
}
Event: 1282.700 GC heap after
{Heap after GC invocations=217 (full 0):
 garbage-first heap   total 262144K, used 139855K [0x0000000080000000, 0x0000000100000000)
  region size 1024K, 5 young (5120K), 5 survivors (5120K)
 Metaspace       used 135013K, capacity 139127K, committed 139560K, reserved 1171456K
  class space    used 16383K, capacity 17890K, committed 18124K, reserved 1048576K
}
Event: 1302.305 GC heap before
{Heap before GC invocations=217 (full 0):
 garbage-first heap   total 262144K, used 157263K [0x0000000080000000, 0x0000000100000000)
  region size 1024K, 12 young (12288K), 5 survivors (5120K)
 Metaspace       used 135022K, capacity 139128K, committed 139560K, reserved 1171456K
  class space    used 16383K, capacity 17890K, committed 18124K, reserved 1048576K
}
Event: 1302.308 GC heap after
{Heap after GC invocations=218 (full 0):
 garbage-first heap   total 262144K, used 128249K [0x0000000080000000, 0x0000000100000000)
  region size 1024K, 1 young (1024K), 1 survivors (1024K)
 Metaspace       used 135022K, capacity 139128K, committed 139560K, reserved 1171456K
  class space    used 16383K, capacity 17890K, committed 18124K, reserved 1048576K
}
Event: 1458.240 GC heap before
{Heap before GC invocations=218 (full 0):
 garbage-first heap   total 262144K, used 172281K [0x0000000080000000, 0x0000000100000000)
  region size 1024K, 46 young (47104K), 1 survivors (1024K)
 Metaspace       used 135158K, capacity 139257K, committed 139560K, reserved 1171456K
  class space    used 16384K, capacity 17890K, committed 18124K, reserved 1048576K
}
Event: 1458.249 GC heap after
{Heap after GC invocations=219 (full 0):
 garbage-first heap   total 262144K, used 133024K [0x0000000080000000, 0x0000000100000000)
  region size 1024K, 6 young (6144K), 6 survivors (6144K)
 Metaspace       used 135158K, capacity 139257K, committed 139560K, reserved 1171456K
  class space    used 16384K, capacity 17890K, committed 18124K, reserved 1048576K
}
Event: 1459.487 GC heap before
{Heap before GC invocations=220 (full 0):
 garbage-first heap   total 262144K, used 207776K [0x0000000080000000, 0x0000000100000000)
  region size 1024K, 79 young (80896K), 6 survivors (6144K)
 Metaspace       used 135188K, capacity 139259K, committed 139560K, reserved 1171456K
  class space    used 16384K, capacity 17890K, committed 18124K, reserved 1048576K
}
Event: 1459.494 GC heap after
{Heap after GC invocations=221 (full 0):
 garbage-first heap   total 262144K, used 119356K [0x0000000080000000, 0x0000000100000000)
  region size 1024K, 5 young (5120K), 5 survivors (5120K)
 Metaspace       used 135188K, capacity 139259K, committed 139560K, reserved 1171456K
  class space    used 16384K, capacity 17890K, committed 18124K, reserved 1048576K
}
Event: 1459.505 GC heap before
{Heap before GC invocations=221 (full 0):
 garbage-first heap   total 262144K, used 125500K [0x0000000080000000, 0x0000000100000000)
  region size 1024K, 12 young (12288K), 5 survivors (5120K)
 Metaspace       used 135189K, capacity 139259K, committed 139560K, reserved 1171456K
  class space    used 16384K, capacity 17890K, committed 18124K, reserved 1048576K
}
Event: 1459.514 GC heap after
{Heap after GC invocations=222 (full 0):
 garbage-first heap   total 262144K, used 114425K [0x0000000080000000, 0x0000000100000000)
  region size 1024K, 2 young (2048K), 2 survivors (2048K)
 Metaspace       used 135189K, capacity 139259K, committed 139560K, reserved 1171456K
  class space    used 16384K, capacity 17890K, committed 18124K, reserved 1048576K
}
Event: 1459.641 GC heap before
{Heap before GC invocations=222 (full 0):
 garbage-first heap   total 262144K, used 139001K [0x0000000080000000, 0x0000000100000000)
  region size 1024K, 28 young (28672K), 2 survivors (2048K)
 Metaspace       used 135210K, capacity 139324K, committed 139560K, reserved 1171456K
  class space    used 16384K, capacity 17890K, committed 18124K, reserved 1048576K
}
Event: 1459.645 GC heap after
{Heap after GC invocations=223 (full 0):
 garbage-first heap   total 262144K, used 113880K [0x0000000080000000, 0x0000000100000000)
  region size 1024K, 2 young (2048K), 2 survivors (2048K)
 Metaspace       used 135210K, capacity 139324K, committed 139560K, reserved 1171456K
  class space    used 16384K, capacity 17890K, committed 18124K, reserved 1048576K
}

Deoptimization events (20 events):
Event: 1458.184 Thread 0x0000025f5caa4000 Uncommon trap: trap_request=0xffffffbe fr.pc=0x0000025f48375d5c relative=0x00000000000002bc
Event: 1458.184 Thread 0x0000025f5caa4000 Uncommon trap: reason=profile_predicate action=maybe_recompile pc=0x0000025f48375d5c method=sun.security.provider.HashDrbg.addBytes([BI[[B)V @ 36 c2
Event: 1458.184 Thread 0x0000025f5caa4000 DEOPT PACKING pc=0x0000025f48375d5c sp=0x000000ab59ef9d80
Event: 1458.184 Thread 0x0000025f5caa4000 DEOPT UNPACKING pc=0x0000025f3f6da1af sp=0x000000ab59ef9cd0 mode 2
Event: 1458.184 Thread 0x0000025f5caa4000 Uncommon trap: trap_request=0xffffffbe fr.pc=0x0000025f48375d5c relative=0x00000000000002bc
Event: 1458.184 Thread 0x0000025f5caa4000 Uncommon trap: reason=profile_predicate action=maybe_recompile pc=0x0000025f48375d5c method=sun.security.provider.HashDrbg.addBytes([BI[[B)V @ 36 c2
Event: 1458.184 Thread 0x0000025f5caa4000 DEOPT PACKING pc=0x0000025f48375d5c sp=0x000000ab59ef9d80
Event: 1458.184 Thread 0x0000025f5caa4000 DEOPT UNPACKING pc=0x0000025f3f6da1af sp=0x000000ab59ef9cd0 mode 2
Event: 1458.185 Thread 0x0000025f5caa4000 Uncommon trap: trap_request=0xffffffbe fr.pc=0x0000025f48375d5c relative=0x00000000000002bc
Event: 1458.185 Thread 0x0000025f5caa4000 Uncommon trap: reason=profile_predicate action=maybe_recompile pc=0x0000025f48375d5c method=sun.security.provider.HashDrbg.addBytes([BI[[B)V @ 36 c2
Event: 1458.185 Thread 0x0000025f5caa4000 DEOPT PACKING pc=0x0000025f48375d5c sp=0x000000ab59ef9d80
Event: 1458.185 Thread 0x0000025f5caa4000 DEOPT UNPACKING pc=0x0000025f3f6da1af sp=0x000000ab59ef9cd0 mode 2
Event: 1458.446 Thread 0x0000025f5caab800 DEOPT PACKING pc=0x0000025f4219b994 sp=0x000000ab5a6fe1e0
Event: 1458.446 Thread 0x0000025f5caab800 DEOPT UNPACKING pc=0x0000025f3f6da95e sp=0x000000ab5a6fd678 mode 0
Event: 1458.529 Thread 0x0000025f5caa7800 Uncommon trap: trap_request=0xfffffff4 fr.pc=0x0000025f483c0618 relative=0x0000000000000158
Event: 1458.529 Thread 0x0000025f5caa7800 Uncommon trap: reason=null_check action=make_not_entrant pc=0x0000025f483c0618 method=org.gradle.api.internal.tasks.properties.bean.AbstractNestedRuntimeBeanNode$BeanPropertyValue.isConfigurable()Z @ 9 c2
Event: 1458.529 Thread 0x0000025f5caa7800 DEOPT PACKING pc=0x0000025f483c0618 sp=0x000000ab59ffdcf0
Event: 1458.529 Thread 0x0000025f5caa7800 DEOPT UNPACKING pc=0x0000025f3f6da1af sp=0x000000ab59ffdc18 mode 2
Event: 1459.689 Thread 0x0000025f59b62000 DEOPT PACKING pc=0x0000025f416c773d sp=0x000000ab530fe400
Event: 1459.689 Thread 0x0000025f59b62000 DEOPT UNPACKING pc=0x0000025f3f6da95e sp=0x000000ab530fd8c0 mode 0

Classes redefined (0 events):
No events

Internal exceptions (20 events):
Event: 1282.764 Thread 0x0000025f59b4d000 Implicit null exception at 0x0000025f4756d282 to 0x0000025f4756da64
Event: 1282.766 Thread 0x0000025f59b57800 Exception <a 'sun/nio/fs/WindowsException'{0x000000008fb31690}> (0x000000008fb31690) thrown at [./src/hotspot/share/prims/jni.cpp, line 616]
Event: 1282.767 Thread 0x0000025f59b4d000 Exception <a 'sun/nio/fs/WindowsException'{0x000000008fb37d00}> (0x000000008fb37d00) thrown at [./src/hotspot/share/prims/jni.cpp, line 616]
Event: 1282.767 Thread 0x0000025f59b4d000 Exception <a 'sun/nio/fs/WindowsException'{0x000000008fb37d80}> (0x000000008fb37d80) thrown at [./src/hotspot/share/prims/jni.cpp, line 616]
Event: 1282.767 Thread 0x0000025f59b4d000 Exception <a 'sun/nio/fs/WindowsException'{0x000000008fb396e8}> (0x000000008fb396e8) thrown at [./src/hotspot/share/prims/jni.cpp, line 616]
Event: 1458.077 Thread 0x0000025f59b4d000 Exception <a 'sun/nio/fs/WindowsException'{0x000000008e68f328}> (0x000000008e68f328) thrown at [./src/hotspot/share/prims/jni.cpp, line 616]
Event: 1458.111 Thread 0x0000025f59b4d000 Exception <a 'java/lang/NoClassDefFoundError'{0x000000008e2531d0}: org/jetbrains/kotlin/gradle/plugin/KotlinBasePluginWrapper> (0x000000008e2531d0) thrown at [./src/hotspot/share/oops/constantPool.cpp, line 775]
Event: 1458.124 Thread 0x0000025f59b4d000 Exception <a 'sun/nio/fs/WindowsException'{0x000000008e18a650}> (0x000000008e18a650) thrown at [./src/hotspot/share/prims/jni.cpp, line 616]
Event: 1458.128 Thread 0x0000025f59b4d000 Exception <a 'sun/nio/fs/WindowsException'{0x000000008e02f1c0}> (0x000000008e02f1c0) thrown at [./src/hotspot/share/prims/jni.cpp, line 616]
Event: 1458.128 Thread 0x0000025f59b4d000 Exception <a 'sun/nio/fs/WindowsException'{0x000000008e030568}> (0x000000008e030568) thrown at [./src/hotspot/share/prims/jni.cpp, line 616]
Event: 1458.128 Thread 0x0000025f59b4d000 Exception <a 'sun/nio/fs/WindowsException'{0x000000008e031960}> (0x000000008e031960) thrown at [./src/hotspot/share/prims/jni.cpp, line 616]
Event: 1458.128 Thread 0x0000025f59b4d000 Exception <a 'sun/nio/fs/WindowsException'{0x000000008e032d58}> (0x000000008e032d58) thrown at [./src/hotspot/share/prims/jni.cpp, line 616]
Event: 1458.157 Thread 0x0000025f59b4d000 Exception <a 'sun/nio/fs/WindowsException'{0x000000008dc85a18}> (0x000000008dc85a18) thrown at [./src/hotspot/share/prims/jni.cpp, line 616]
Event: 1458.529 Thread 0x0000025f5caa7800 Implicit null exception at 0x0000025f483c04f8 to 0x0000025f483c0604
Event: 1459.516 Thread 0x0000025f5caae000 Exception <a 'sun/nio/fs/WindowsException'{0x000000008fef5cd0}> (0x000000008fef5cd0) thrown at [./src/hotspot/share/prims/jni.cpp, line 616]
Event: 1459.516 Thread 0x0000025f5caae000 Exception <a 'sun/nio/fs/WindowsException'{0x000000008fef5db8}> (0x000000008fef5db8) thrown at [./src/hotspot/share/prims/jni.cpp, line 616]
Event: 1459.696 Thread 0x0000025f59ac6800 Exception <a 'sun/nio/fs/WindowsException'{0x000000008fdd3218}> (0x000000008fdd3218) thrown at [./src/hotspot/share/prims/jni.cpp, line 616]
Event: 1459.697 Thread 0x0000025f59b4d000 Exception <a 'sun/nio/fs/WindowsException'{0x000000008fd65db8}> (0x000000008fd65db8) thrown at [./src/hotspot/share/prims/jni.cpp, line 616]
Event: 1459.697 Thread 0x0000025f59b4d000 Exception <a 'sun/nio/fs/WindowsException'{0x000000008fd65e38}> (0x000000008fd65e38) thrown at [./src/hotspot/share/prims/jni.cpp, line 616]
Event: 1459.697 Thread 0x0000025f59b4d000 Exception <a 'sun/nio/fs/WindowsException'{0x000000008fd677a0}> (0x000000008fd677a0) thrown at [./src/hotspot/share/prims/jni.cpp, line 616]

Events (20 events):
Event: 2156.735 Thread 0x0000025f5caaf800 Thread added: 0x0000025f5caaf800
Event: 2156.736 Thread 0x0000025f5caac800 Thread added: 0x0000025f5caac800
Event: 2156.736 Thread 0x0000025f5caaa800 Thread added: 0x0000025f5caaa800
Event: 2156.736 Thread 0x0000025f5cab1000 Thread added: 0x0000025f5cab1000
Event: 2156.736 Thread 0x0000025f5cab0800 Thread added: 0x0000025f5cab0800
Event: 2156.736 Thread 0x0000025f5caae000 Thread added: 0x0000025f5caae000
Event: 2156.736 Thread 0x0000025f59b50000 Thread added: 0x0000025f59b50000
Event: 2156.736 Thread 0x0000025f59b51000 Thread added: 0x0000025f59b51000
Event: 2156.736 Thread 0x0000025f59b52000 Thread added: 0x0000025f59b52000
Event: 2156.737 Thread 0x0000025f59b52800 Thread added: 0x0000025f59b52800
Event: 2156.737 Thread 0x0000025f59b4d000 Thread added: 0x0000025f59b4d000
Event: 2156.737 Thread 0x0000025f59b57800 Thread added: 0x0000025f59b57800
Event: 2156.737 Thread 0x0000025f59b55000 Thread added: 0x0000025f59b55000
Event: 2156.737 Thread 0x0000025f59b58800 Thread added: 0x0000025f59b58800
Event: 2156.737 Thread 0x0000025f59b59000 Thread added: 0x0000025f59b59000
Event: 2156.737 Thread 0x0000025f59b56000 Thread added: 0x0000025f59b56000
Event: 2156.738 Thread 0x0000025f59b54800 Thread added: 0x0000025f59b54800
Event: 2156.738 Thread 0x0000025f59ac0000 Thread added: 0x0000025f59ac0000
Event: 2156.738 Thread 0x0000025f59ac1800 Thread added: 0x0000025f59ac1800
Event: 2156.738 Thread 0x0000025f59ac2800 Thread added: 0x0000025f59ac2800


Dynamic libraries:
0x00007ff62ecb0000 - 0x00007ff62ecba000 	C:\Program Files\Android\Android Studio\jre\bin\java.exe
0x00007ffd58fb0000 - 0x00007ffd591a5000 	C:\WINDOWS\SYSTEM32\ntdll.dll
0x00007ffd20900000 - 0x00007ffd20917000 	C:\Program Files\Avast Software\Avast\aswhook.dll
0x00007ffd583f0000 - 0x00007ffd584ad000 	C:\WINDOWS\System32\KERNEL32.DLL
0x00007ffd56800000 - 0x00007ffd56ac9000 	C:\WINDOWS\System32\KERNELBASE.dll
0x00007ffd56ec0000 - 0x00007ffd56fc0000 	C:\WINDOWS\System32\ucrtbase.dll
0x00007ffd50090000 - 0x00007ffd500a9000 	C:\Program Files\Android\Android Studio\jre\bin\jli.dll
0x00007ffd4b570000 - 0x00007ffd4b587000 	C:\Program Files\Android\Android Studio\jre\bin\VCRUNTIME140.dll
0x00007ffd58630000 - 0x00007ffd587d0000 	C:\WINDOWS\System32\USER32.dll
0x00007ffd56fc0000 - 0x00007ffd56fe2000 	C:\WINDOWS\System32\win32u.dll
0x00007ffd581a0000 - 0x00007ffd581ca000 	C:\WINDOWS\System32\GDI32.dll
0x00007ffd4be10000 - 0x00007ffd4c0aa000 	C:\WINDOWS\WinSxS\amd64_microsoft.windows.common-controls_6595b64144ccf1df_6.0.19041.1110_none_60b5254171f9507e\COMCTL32.dll
0x00007ffd56c50000 - 0x00007ffd56d5b000 	C:\WINDOWS\System32\gdi32full.dll
0x00007ffd58b60000 - 0x00007ffd58bfe000 	C:\WINDOWS\System32\msvcrt.dll
0x00007ffd56b60000 - 0x00007ffd56bfd000 	C:\WINDOWS\System32\msvcp_win.dll
0x00007ffd58000000 - 0x00007ffd58030000 	C:\WINDOWS\System32\IMM32.DLL
0x00007ffd36260000 - 0x00007ffd362fd000 	C:\Program Files\Android\Android Studio\jre\bin\msvcp140.dll
0x00007ffcf5a90000 - 0x00007ffcf6592000 	C:\Program Files\Android\Android Studio\jre\bin\server\jvm.dll
0x00007ffd58270000 - 0x00007ffd5831c000 	C:\WINDOWS\System32\ADVAPI32.dll
0x00007ffd581d0000 - 0x00007ffd5826b000 	C:\WINDOWS\System32\sechost.dll
0x00007ffd58e40000 - 0x00007ffd58f6a000 	C:\WINDOWS\System32\RPCRT4.dll
0x00007ffd587d0000 - 0x00007ffd587d8000 	C:\WINDOWS\System32\PSAPI.DLL
0x00007ffd41680000 - 0x00007ffd41689000 	C:\WINDOWS\SYSTEM32\WSOCK32.dll
0x00007ffd51080000 - 0x00007ffd5108a000 	C:\WINDOWS\SYSTEM32\VERSION.dll
0x00007ffd4bca0000 - 0x00007ffd4bcc7000 	C:\WINDOWS\SYSTEM32\WINMM.dll
0x00007ffd58320000 - 0x00007ffd5838b000 	C:\WINDOWS\System32\WS2_32.dll
0x00007ffd552b0000 - 0x00007ffd552c2000 	C:\WINDOWS\SYSTEM32\kernel.appcore.dll
0x00007ffd53f70000 - 0x00007ffd53f81000 	C:\Program Files\Android\Android Studio\jre\bin\verify.dll
0x00007ffd4ccf0000 - 0x00007ffd4ced4000 	C:\WINDOWS\SYSTEM32\DBGHELP.DLL
0x00007ffd4bcd0000 - 0x00007ffd4bcfc000 	C:\WINDOWS\SYSTEM32\dbgcore.DLL
0x00007ffd56ad0000 - 0x00007ffd56b53000 	C:\WINDOWS\System32\bcryptPrimitives.dll
0x00007ffd51e80000 - 0x00007ffd51ea9000 	C:\Program Files\Android\Android Studio\jre\bin\java.dll
0x00007ffd530e0000 - 0x00007ffd530eb000 	C:\Program Files\Android\Android Studio\jre\bin\jimage.dll
0x00007ffd51f30000 - 0x00007ffd51f48000 	C:\Program Files\Android\Android Studio\jre\bin\zip.dll
0x00007ffd570b0000 - 0x00007ffd577ef000 	C:\WINDOWS\System32\SHELL32.dll
0x00007ffd54700000 - 0x00007ffd54e91000 	C:\WINDOWS\SYSTEM32\windows.storage.dll
0x00007ffd587e0000 - 0x00007ffd58b35000 	C:\WINDOWS\System32\combase.dll
0x00007ffd56080000 - 0x00007ffd560ac000 	C:\WINDOWS\SYSTEM32\Wldp.dll
0x00007ffd584c0000 - 0x00007ffd5856e000 	C:\WINDOWS\System32\SHCORE.dll
0x00007ffd58570000 - 0x00007ffd585c5000 	C:\WINDOWS\System32\shlwapi.dll
0x00007ffd56630000 - 0x00007ffd5664f000 	C:\WINDOWS\SYSTEM32\profapi.dll
0x00007ffd515f0000 - 0x00007ffd5160a000 	C:\Program Files\Android\Android Studio\jre\bin\net.dll
0x00007ffd4d440000 - 0x00007ffd4d54a000 	C:\WINDOWS\SYSTEM32\WINHTTP.dll
0x00007ffd55e60000 - 0x00007ffd55eca000 	C:\WINDOWS\system32\mswsock.dll
0x00007ffd50270000 - 0x00007ffd50284000 	C:\Program Files\Android\Android Studio\jre\bin\nio.dll
0x00007ffd48330000 - 0x00007ffd48357000 	C:\Users\Tira Sundara\.gradle\native\e1d6ef7f7dcc3fd88c89a11ec53ec762bb8ba0a96d01ffa2cd45eb1d1d8dd5c5\windows-amd64\native-platform.dll
0x00007ffd31f70000 - 0x00007ffd320b4000 	C:\Users\Tira Sundara\.gradle\native\0d407fdbe67a94daf76414ababcb853783967236a71b16ec16e742cd7a986fd3\windows-amd64\native-platform-file-events.dll
0x00007ffd506a0000 - 0x00007ffd506aa000 	C:\Program Files\Android\Android Studio\jre\bin\management.dll
0x00007ffd50260000 - 0x00007ffd5026d000 	C:\Program Files\Android\Android Studio\jre\bin\management_ext.dll
0x00007ffd56210000 - 0x00007ffd56228000 	C:\WINDOWS\SYSTEM32\CRYPTSP.dll
0x00007ffd557b0000 - 0x00007ffd557e4000 	C:\WINDOWS\system32\rsaenh.dll
0x00007ffd56ff0000 - 0x00007ffd57017000 	C:\WINDOWS\System32\bcrypt.dll
0x00007ffd565b0000 - 0x00007ffd565de000 	C:\WINDOWS\SYSTEM32\USERENV.dll
0x00007ffd55fe0000 - 0x00007ffd55fec000 	C:\WINDOWS\SYSTEM32\CRYPTBASE.dll
0x00007ffd55b20000 - 0x00007ffd55b5b000 	C:\WINDOWS\SYSTEM32\IPHLPAPI.DLL
0x00007ffd58190000 - 0x00007ffd58198000 	C:\WINDOWS\System32\NSI.dll
0x00007ffd4fb80000 - 0x00007ffd4fb97000 	C:\WINDOWS\SYSTEM32\dhcpcsvc6.DLL
0x00007ffd4f8a0000 - 0x00007ffd4f8bd000 	C:\WINDOWS\SYSTEM32\dhcpcsvc.DLL
0x00007ffd55b60000 - 0x00007ffd55c2c000 	C:\WINDOWS\SYSTEM32\DNSAPI.dll
0x00007ffd553b0000 - 0x00007ffd553e3000 	C:\WINDOWS\SYSTEM32\ntmarta.dll
0x00007ffd48450000 - 0x00007ffd48477000 	C:\Program Files\Android\Android Studio\jre\bin\sunec.dll

dbghelp: loaded successfully - version: 4.0.5 - missing functions: none
symbol engine: initialized successfully - sym options: 0x614 - pdb path: .;C:\Program Files\Android\Android Studio\jre\bin;C:\WINDOWS\SYSTEM32;C:\Program Files\Avast Software\Avast;C:\WINDOWS\WinSxS\amd64_microsoft.windows.common-controls_6595b64144ccf1df_6.0.19041.1110_none_60b5254171f9507e;C:\Program Files\Android\Android Studio\jre\bin\server;C:\Users\Tira Sundara\.gradle\native\e1d6ef7f7dcc3fd88c89a11ec53ec762bb8ba0a96d01ffa2cd45eb1d1d8dd5c5\windows-amd64;C:\Users\Tira Sundara\.gradle\native\0d407fdbe67a94daf76414ababcb853783967236a71b16ec16e742cd7a986fd3\windows-amd64

VM Arguments:
jvm_args: --add-opens=java.base/java.util=ALL-UNNAMED --add-opens=java.base/java.lang=ALL-UNNAMED --add-opens=java.base/java.lang.invoke=ALL-UNNAMED --add-opens=java.base/java.util=ALL-UNNAMED --add-opens=java.prefs/java.util.prefs=ALL-UNNAMED --add-opens=java.prefs/java.util.prefs=ALL-UNNAMED --add-opens=java.base/java.nio.charset=ALL-UNNAMED --add-opens=java.base/java.net=ALL-UNNAMED --add-opens=java.base/java.util.concurrent.atomic=ALL-UNNAMED -Xmx2048m -Dfile.encoding=UTF-8 -Duser.country=ID -Duser.language=en -Duser.variant 
java_command: org.gradle.launcher.daemon.bootstrap.GradleDaemon 7.4
java_class_path (initial): C:\Users\Tira Sundara\.gradle\wrapper\dists\gradle-7.4-bin\c0gwcg53nkjbqw7r0h0umtfvt\gradle-7.4\lib\gradle-launcher-7.4.jar
Launcher Type: SUN_STANDARD

[Global flags]
     intx CICompilerCount                          = 4                                         {product} {ergonomic}
     uint ConcGCThreads                            = 2                                         {product} {ergonomic}
     uint G1ConcRefinementThreads                  = 8                                         {product} {ergonomic}
   size_t G1HeapRegionSize                         = 1048576                                   {product} {ergonomic}
    uintx GCDrainStackTargetSize                   = 64                                        {product} {ergonomic}
   size_t InitialHeapSize                          = 132120576                                 {product} {ergonomic}
   size_t MarkStackSize                            = 4194304                                   {product} {ergonomic}
   size_t MaxHeapSize                              = 2147483648                                {product} {command line}
   size_t MaxNewSize                               = 1287651328                                {product} {ergonomic}
   size_t MinHeapDeltaBytes                        = 1048576                                   {product} {ergonomic}
    uintx NonNMethodCodeHeapSize                   = 5836300                                {pd product} {ergonomic}
    uintx NonProfiledCodeHeapSize                  = 122910970                              {pd product} {ergonomic}
    uintx ProfiledCodeHeapSize                     = 122910970                              {pd product} {ergonomic}
    uintx ReservedCodeCacheSize                    = 251658240                              {pd product} {ergonomic}
     bool SegmentedCodeCache                       = true                                      {product} {ergonomic}
     bool UseCompressedClassPointers               = true                                 {lp64_product} {ergonomic}
     bool UseCompressedOops                        = true                                 {lp64_product} {ergonomic}
     bool UseG1GC                                  = true                                      {product} {ergonomic}
     bool UseLargePagesIndividualAllocation        = false                                  {pd product} {ergonomic}

Logging:
Log output configuration:
 #0: stdout all=warning uptime,level,tags
 #1: stderr all=off uptime,level,tags

Environment Variables:
PATH=C:\Program Files\Common Files\Oracle\Java\javapath;C:\Program Files\Java\jdk-12.0.1\bin;C:\Program Files (x86)\Intel\Intel(R) Management Engine Components\iCLS\;C:\Program Files (x86)\Common Files\Oracle\Java\javapath;C:\Program Files\Intel\Intel(R) Management Engine Components\iCLS\;C:\Windows\system32;C:\Windows;C:\Windows\System32\Wbem;C:\Windows\System32\WindowsPowerShell\v1.0\;C:\Program Files (x86)\NVIDIA Corporation\PhysX\Common;C:\Program Files\Intel\WiFi\bin\;C:\Program Files\Common Files\Intel\WirelessCommon\;C:\Program Files (x86)\Intel\Intel(R) Management Engine Components\DAL;C:\Program Files\Intel\Intel(R) Management Engine Components\DAL;C:\Program Files (x86)\Intel\Intel(R) Management Engine Components\IPT;C:\Program Files\Intel\Intel(R) Management Engine Components\IPT;C:\WINDOWS\system32;C:\WINDOWS;C:\WINDOWS\System32\Wbem;C:\WINDOWS\System32\WindowsPowerShell\v1.0\;C:\WINDOWS\System32\OpenSSH\;C:\Program Files\NVIDIA Corporation\NVIDIA NvDLISR;C:\WINDOWS\system32;C:\WINDOWS;C:\WINDOWS\System32\Wbem;C:\WINDOWS\System32\WindowsPowerShell\v1.0\;C:\WINDOWS\System32\OpenSSH\;C:\Program Files\mingw-w64\x86_64-8.1.0-posix-seh-rt_v6-rev0\mingw64\bin;C:\Program Files\Docker\Docker\resources\bin;C:\ProgramData\DockerDesktop\version-bin;C:\Programs\Python\Python39\python.exe;C:\Program Files\nodejs\;C:\Program Files (x86)\Yarn\bin\;C:\Program Files\Git\cmd;C:\Program Files\MySQL\MySQL Shell 8.0\bin\;C:\Users\Tira Sundara\AppData\Local\Programs\Python\Python39\Scripts\;C:\Users\Tira Sundara\AppData\Local\Programs\Python\Python39\;C:\Users\Tira Sundara\AppData\Local\Microsoft\WindowsApps;C:\Users\Tira Sundara\AppData\Local\Programs\Microsoft VS Code\bin;C:\Users\Tira Sundara\AppData\Local\JetBrains\PyCharm Community Edition 2021.2.2\bin;;C:\Users\Tira Sundara\AppData\Roaming\npm;C:\Program Files\nodejs;C:\Users\Tira Sundara\AppData\Local\Yarn\bin;C:\Program Files\heroku\bin
USERNAME=Tira Sundara
OS=Windows_NT
PROCESSOR_IDENTIFIER=Intel64 Family 6 Model 158 Stepping 10, GenuineIntel



---------------  S Y S T E M  ---------------

OS: Windows 10 , 64 bit Build 19041 (10.0.19041.1023)
OS uptime: 0 days 13:31 hours
Hyper-V role detected

CPU:total 8 (initial active 8) (4 cores per cpu, 2 threads per core) family 6 model 158 stepping 10 microcode 0xb4, cmov, cx8, fxsr, mmx, sse, sse2, sse3, ssse3, sse4.1, sse4.2, popcnt, avx, avx2, aes, clmul, erms, 3dnowpref, lzcnt, ht, tsc, tscinvbit, bmi1, bmi2, adx, fma

Memory: 4k page, system-wide physical 8039M (340M free)
TotalPageFile size 14183M (AvailPageFile size 3M)
current process WorkingSet (physical memory assigned to process): 353M, peak: 644M
current process commit charge ("private bytes"): 677M, peak: 711M

vm_info: OpenJDK 64-Bit Server VM (11.0.13+0-b1751.21-8125866) for windows-amd64 JRE (11.0.13+0-b1751.21-8125866), built on Feb  2 2022 03:00:22 by "builder" with MS VC++ 14.0 (VS2015)

END.
